mode: set
github.com/prefeiturario/painel-social/internal/config/config.go:16.21,18.16 2 1
github.com/prefeiturario/painel-social/internal/config/config.go:18.16,20.3 1 1
github.com/prefeiturario/painel-social/internal/config/config.go:21.2,22.28 2 1
github.com/prefeiturario/painel-social/internal/config/config.go:22.28,24.3 1 1
github.com/prefeiturario/painel-social/internal/config/config.go:26.2,32.3 1 1
github.com/prefeiturario/painel-social/internal/config/config.go:35.42,36.34 1 1
github.com/prefeiturario/painel-social/internal/config/config.go:36.34,38.3 1 1
github.com/prefeiturario/painel-social/internal/config/config.go:39.2,39.17 1 1
github.com/prefeiturario/painel-social/internal/domain/models.go:23.33,23.54 1 0
github.com/prefeiturario/painel-social/internal/domain/models.go:33.33,33.51 1 0
github.com/prefeiturario/painel-social/internal/domain/models.go:43.36,43.57 1 0
github.com/prefeiturario/painel-social/internal/domain/models.go:53.45,53.76 1 0
github.com/prefeiturario/painel-social/internal/domain/models.go:55.34,56.48 1 0
github.com/prefeiturario/painel-social/internal/domain/models.go:56.48,58.3 1 0
github.com/prefeiturario/painel-social/internal/domain/models.go:59.2,59.54 1 0
github.com/prefeiturario/painel-social/internal/domain/models.go:59.54,61.3 1 0
github.com/prefeiturario/painel-social/internal/domain/models.go:62.2,62.72 1 0
github.com/prefeiturario/painel-social/internal/domain/models.go:62.72,64.3 1 0
github.com/prefeiturario/painel-social/internal/domain/models.go:65.2,65.14 1 0
github.com/prefeiturario/painel-social/internal/handler/auth_handler.go:14.60,16.2 1 0
github.com/prefeiturario/painel-social/internal/handler/auth_handler.go:23.45,25.47 2 0
github.com/prefeiturario/painel-social/internal/handler/auth_handler.go:25.47,28.3 2 0
github.com/prefeiturario/painel-social/internal/handler/auth_handler.go:30.2,31.16 2 0
github.com/prefeiturario/painel-social/internal/handler/auth_handler.go:31.16,34.3 2 0
github.com/prefeiturario/painel-social/internal/handler/auth_handler.go:36.2,36.46 1 0
github.com/prefeiturario/painel-social/internal/handler/child_handler.go:16.63,18.2 1 0
github.com/prefeiturario/painel-social/internal/handler/child_handler.go:20.45,27.42 2 0
github.com/prefeiturario/painel-social/internal/handler/child_handler.go:27.42,30.3 2 0
github.com/prefeiturario/painel-social/internal/handler/child_handler.go:31.2,31.39 1 0
github.com/prefeiturario/painel-social/internal/handler/child_handler.go:31.39,34.3 2 0
github.com/prefeiturario/painel-social/internal/handler/child_handler.go:36.2,37.16 2 0
github.com/prefeiturario/painel-social/internal/handler/child_handler.go:37.16,40.3 2 0
github.com/prefeiturario/painel-social/internal/handler/child_handler.go:41.2,41.31 1 0
github.com/prefeiturario/painel-social/internal/handler/child_handler.go:44.48,46.32 2 0
github.com/prefeiturario/painel-social/internal/handler/child_handler.go:46.32,49.3 2 0
github.com/prefeiturario/painel-social/internal/handler/child_handler.go:50.2,50.16 1 0
github.com/prefeiturario/painel-social/internal/handler/child_handler.go:50.16,53.3 2 0
github.com/prefeiturario/painel-social/internal/handler/child_handler.go:54.2,54.30 1 0
github.com/prefeiturario/painel-social/internal/handler/child_handler.go:57.47,62.32 4 0
github.com/prefeiturario/painel-social/internal/handler/child_handler.go:62.32,65.3 2 0
github.com/prefeiturario/painel-social/internal/handler/child_handler.go:66.2,66.16 1 0
github.com/prefeiturario/painel-social/internal/handler/child_handler.go:66.16,69.3 2 0
github.com/prefeiturario/painel-social/internal/handler/child_handler.go:70.2,70.53 1 0
github.com/prefeiturario/painel-social/internal/handler/child_handler.go:73.56,75.25 2 0
github.com/prefeiturario/painel-social/internal/handler/child_handler.go:75.25,77.3 1 0
github.com/prefeiturario/painel-social/internal/handler/child_handler.go:78.2,78.10 1 0
github.com/prefeiturario/painel-social/internal/handler/summary_handler.go:9.48,11.16 2 0
github.com/prefeiturario/painel-social/internal/handler/summary_handler.go:11.16,14.3 2 0
github.com/prefeiturario/painel-social/internal/handler/summary_handler.go:15.2,15.26 1 0
github.com/prefeiturario/painel-social/internal/middleware/auth.go:11.57,12.30 1 0
github.com/prefeiturario/painel-social/internal/middleware/auth.go:12.30,14.44 2 0
github.com/prefeiturario/painel-social/internal/middleware/auth.go:14.44,17.4 2 0
github.com/prefeiturario/painel-social/internal/middleware/auth.go:18.3,19.17 2 0
github.com/prefeiturario/painel-social/internal/middleware/auth.go:19.17,22.4 2 0
github.com/prefeiturario/painel-social/internal/middleware/auth.go:23.3,24.11 2 0
github.com/prefeiturario/painel-social/internal/repository/child_repository.go:17.55,19.2 1 0
github.com/prefeiturario/painel-social/internal/repository/child_repository.go:21.96,24.25 2 0
github.com/prefeiturario/painel-social/internal/repository/child_repository.go:24.25,26.3 1 0
github.com/prefeiturario/painel-social/internal/repository/child_repository.go:27.2,27.28 1 0
github.com/prefeiturario/painel-social/internal/repository/child_repository.go:27.28,29.3 1 0
github.com/prefeiturario/painel-social/internal/repository/child_repository.go:30.2,30.30 1 0
github.com/prefeiturario/painel-social/internal/repository/child_repository.go:30.30,31.25 1 0
github.com/prefeiturario/painel-social/internal/repository/child_repository.go:31.25,37.4 1 0
github.com/prefeiturario/painel-social/internal/repository/child_repository.go:37.9,43.4 1 0
github.com/prefeiturario/painel-social/internal/repository/child_repository.go:46.2,47.46 2 0
github.com/prefeiturario/painel-social/internal/repository/child_repository.go:47.46,49.3 1 0
github.com/prefeiturario/painel-social/internal/repository/child_repository.go:51.2,60.16 3 0
github.com/prefeiturario/painel-social/internal/repository/child_repository.go:60.16,62.3 1 0
github.com/prefeiturario/painel-social/internal/repository/child_repository.go:64.2,71.8 2 0
github.com/prefeiturario/painel-social/internal/repository/child_repository.go:74.69,81.35 3 0
github.com/prefeiturario/painel-social/internal/repository/child_repository.go:81.35,83.3 1 0
github.com/prefeiturario/painel-social/internal/repository/child_repository.go:84.2,84.16 1 0
github.com/prefeiturario/painel-social/internal/repository/child_repository.go:84.16,86.3 1 0
github.com/prefeiturario/painel-social/internal/repository/child_repository.go:87.2,87.20 1 0
github.com/prefeiturario/painel-social/internal/repository/child_repository.go:90.67,98.25 2 0
github.com/prefeiturario/painel-social/internal/repository/child_repository.go:98.25,100.3 1 0
github.com/prefeiturario/painel-social/internal/repository/child_repository.go:101.2,101.30 1 0
github.com/prefeiturario/painel-social/internal/repository/child_repository.go:101.30,103.3 1 0
github.com/prefeiturario/painel-social/internal/repository/child_repository.go:104.2,104.12 1 0
github.com/prefeiturario/painel-social/internal/repository/child_repository.go:107.62,130.2 3 0
github.com/prefeiturario/painel-social/internal/service/auth_service.go:18.49,20.2 1 0
github.com/prefeiturario/painel-social/internal/service/auth_service.go:22.69,23.68 1 0
github.com/prefeiturario/painel-social/internal/service/auth_service.go:23.68,25.3 1 0
github.com/prefeiturario/painel-social/internal/service/auth_service.go:27.2,33.45 3 0
github.com/prefeiturario/painel-social/internal/service/auth_service.go:36.77,37.68 1 0
github.com/prefeiturario/painel-social/internal/service/auth_service.go:37.68,38.54 1 0
github.com/prefeiturario/painel-social/internal/service/auth_service.go:38.54,40.4 1 0
github.com/prefeiturario/painel-social/internal/service/auth_service.go:41.3,41.31 1 0
github.com/prefeiturario/painel-social/internal/service/auth_service.go:43.2,43.32 1 0
github.com/prefeiturario/painel-social/internal/service/auth_service.go:43.32,45.3 1 0
github.com/prefeiturario/painel-social/internal/service/auth_service.go:46.2,47.9 2 0
github.com/prefeiturario/painel-social/internal/service/auth_service.go:47.9,49.3 1 0
github.com/prefeiturario/painel-social/internal/service/auth_service.go:50.2,50.20 1 0
github.com/prefeiturario/painel-social/internal/service/child_service.go:19.71,21.2 1 0
github.com/prefeiturario/painel-social/internal/service/child_service.go:23.93,24.21 1 0
github.com/prefeiturario/painel-social/internal/service/child_service.go:24.21,26.3 1 0
github.com/prefeiturario/painel-social/internal/service/child_service.go:27.2,27.50 1 0
github.com/prefeiturario/painel-social/internal/service/child_service.go:27.50,29.3 1 0
github.com/prefeiturario/painel-social/internal/service/child_service.go:30.2,30.28 1 0
github.com/prefeiturario/painel-social/internal/service/child_service.go:33.66,35.16 2 0
github.com/prefeiturario/painel-social/internal/service/child_service.go:35.16,37.3 1 0
github.com/prefeiturario/painel-social/internal/service/child_service.go:38.2,38.14 1 0
github.com/prefeiturario/painel-social/internal/service/child_service.go:38.14,40.3 1 0
github.com/prefeiturario/painel-social/internal/service/child_service.go:41.2,41.15 1 0
github.com/prefeiturario/painel-social/internal/service/child_service.go:44.64,46.77 2 0
github.com/prefeiturario/painel-social/internal/service/child_service.go:46.77,48.3 1 0
github.com/prefeiturario/painel-social/internal/service/child_service.go:49.2,49.12 1 0
github.com/prefeiturario/painel-social/internal/service/child_service.go:52.59,54.2 1 0
github.com/prefeiturario/painel-social/internal/config/config.go:16.21,18.16 2 0
github.com/prefeiturario/painel-social/internal/config/config.go:18.16,20.3 1 0
github.com/prefeiturario/painel-social/internal/config/config.go:21.2,22.28 2 0
github.com/prefeiturario/painel-social/internal/config/config.go:22.28,24.3 1 0
github.com/prefeiturario/painel-social/internal/config/config.go:26.2,32.3 1 0
github.com/prefeiturario/painel-social/internal/config/config.go:35.42,36.34 1 0
github.com/prefeiturario/painel-social/internal/config/config.go:36.34,38.3 1 0
github.com/prefeiturario/painel-social/internal/config/config.go:39.2,39.17 1 0
github.com/prefeiturario/painel-social/internal/domain/models.go:23.33,23.54 1 0
github.com/prefeiturario/painel-social/internal/domain/models.go:33.33,33.51 1 0
github.com/prefeiturario/painel-social/internal/domain/models.go:43.36,43.57 1 0
github.com/prefeiturario/painel-social/internal/domain/models.go:53.45,53.76 1 0
github.com/prefeiturario/painel-social/internal/domain/models.go:55.34,56.48 1 1
github.com/prefeiturario/painel-social/internal/domain/models.go:56.48,58.3 1 1
github.com/prefeiturario/painel-social/internal/domain/models.go:59.2,59.54 1 1
github.com/prefeiturario/painel-social/internal/domain/models.go:59.54,61.3 1 1
github.com/prefeiturario/painel-social/internal/domain/models.go:62.2,62.72 1 1
github.com/prefeiturario/painel-social/internal/domain/models.go:62.72,64.3 1 1
github.com/prefeiturario/painel-social/internal/domain/models.go:65.2,65.14 1 1
github.com/prefeiturario/painel-social/internal/handler/auth_handler.go:14.60,16.2 1 0
github.com/prefeiturario/painel-social/internal/handler/auth_handler.go:23.45,25.47 2 0
github.com/prefeiturario/painel-social/internal/handler/auth_handler.go:25.47,28.3 2 0
github.com/prefeiturario/painel-social/internal/handler/auth_handler.go:30.2,31.16 2 0
github.com/prefeiturario/painel-social/internal/handler/auth_handler.go:31.16,34.3 2 0
github.com/prefeiturario/painel-social/internal/handler/auth_handler.go:36.2,36.46 1 0
github.com/prefeiturario/painel-social/internal/handler/child_handler.go:16.63,18.2 1 0
github.com/prefeiturario/painel-social/internal/handler/child_handler.go:20.45,27.42 2 0
github.com/prefeiturario/painel-social/internal/handler/child_handler.go:27.42,30.3 2 0
github.com/prefeiturario/painel-social/internal/handler/child_handler.go:31.2,31.39 1 0
github.com/prefeiturario/painel-social/internal/handler/child_handler.go:31.39,34.3 2 0
github.com/prefeiturario/painel-social/internal/handler/child_handler.go:36.2,37.16 2 0
github.com/prefeiturario/painel-social/internal/handler/child_handler.go:37.16,40.3 2 0
github.com/prefeiturario/painel-social/internal/handler/child_handler.go:41.2,41.31 1 0
github.com/prefeiturario/painel-social/internal/handler/child_handler.go:44.48,46.32 2 0
github.com/prefeiturario/painel-social/internal/handler/child_handler.go:46.32,49.3 2 0
github.com/prefeiturario/painel-social/internal/handler/child_handler.go:50.2,50.16 1 0
github.com/prefeiturario/painel-social/internal/handler/child_handler.go:50.16,53.3 2 0
github.com/prefeiturario/painel-social/internal/handler/child_handler.go:54.2,54.30 1 0
github.com/prefeiturario/painel-social/internal/handler/child_handler.go:57.47,62.32 4 0
github.com/prefeiturario/painel-social/internal/handler/child_handler.go:62.32,65.3 2 0
github.com/prefeiturario/painel-social/internal/handler/child_handler.go:66.2,66.16 1 0
github.com/prefeiturario/painel-social/internal/handler/child_handler.go:66.16,69.3 2 0
github.com/prefeiturario/painel-social/internal/handler/child_handler.go:70.2,70.53 1 0
github.com/prefeiturario/painel-social/internal/handler/child_handler.go:73.56,75.25 2 0
github.com/prefeiturario/painel-social/internal/handler/child_handler.go:75.25,77.3 1 0
github.com/prefeiturario/painel-social/internal/handler/child_handler.go:78.2,78.10 1 0
github.com/prefeiturario/painel-social/internal/handler/summary_handler.go:9.48,11.16 2 0
github.com/prefeiturario/painel-social/internal/handler/summary_handler.go:11.16,14.3 2 0
github.com/prefeiturario/painel-social/internal/handler/summary_handler.go:15.2,15.26 1 0
github.com/prefeiturario/painel-social/internal/middleware/auth.go:11.57,12.30 1 0
github.com/prefeiturario/painel-social/internal/middleware/auth.go:12.30,14.44 2 0
github.com/prefeiturario/painel-social/internal/middleware/auth.go:14.44,17.4 2 0
github.com/prefeiturario/painel-social/internal/middleware/auth.go:18.3,19.17 2 0
github.com/prefeiturario/painel-social/internal/middleware/auth.go:19.17,22.4 2 0
github.com/prefeiturario/painel-social/internal/middleware/auth.go:23.3,24.11 2 0
github.com/prefeiturario/painel-social/internal/repository/child_repository.go:17.55,19.2 1 0
github.com/prefeiturario/painel-social/internal/repository/child_repository.go:21.96,24.25 2 0
github.com/prefeiturario/painel-social/internal/repository/child_repository.go:24.25,26.3 1 0
github.com/prefeiturario/painel-social/internal/repository/child_repository.go:27.2,27.28 1 0
github.com/prefeiturario/painel-social/internal/repository/child_repository.go:27.28,29.3 1 0
github.com/prefeiturario/painel-social/internal/repository/child_repository.go:30.2,30.30 1 0
github.com/prefeiturario/painel-social/internal/repository/child_repository.go:30.30,31.25 1 0
github.com/prefeiturario/painel-social/internal/repository/child_repository.go:31.25,37.4 1 0
github.com/prefeiturario/painel-social/internal/repository/child_repository.go:37.9,43.4 1 0
github.com/prefeiturario/painel-social/internal/repository/child_repository.go:46.2,47.46 2 0
github.com/prefeiturario/painel-social/internal/repository/child_repository.go:47.46,49.3 1 0
github.com/prefeiturario/painel-social/internal/repository/child_repository.go:51.2,60.16 3 0
github.com/prefeiturario/painel-social/internal/repository/child_repository.go:60.16,62.3 1 0
github.com/prefeiturario/painel-social/internal/repository/child_repository.go:64.2,71.8 2 0
github.com/prefeiturario/painel-social/internal/repository/child_repository.go:74.69,81.35 3 0
github.com/prefeiturario/painel-social/internal/repository/child_repository.go:81.35,83.3 1 0
github.com/prefeiturario/painel-social/internal/repository/child_repository.go:84.2,84.16 1 0
github.com/prefeiturario/painel-social/internal/repository/child_repository.go:84.16,86.3 1 0
github.com/prefeiturario/painel-social/internal/repository/child_repository.go:87.2,87.20 1 0
github.com/prefeiturario/painel-social/internal/repository/child_repository.go:90.67,98.25 2 0
github.com/prefeiturario/painel-social/internal/repository/child_repository.go:98.25,100.3 1 0
github.com/prefeiturario/painel-social/internal/repository/child_repository.go:101.2,101.30 1 0
github.com/prefeiturario/painel-social/internal/repository/child_repository.go:101.30,103.3 1 0
github.com/prefeiturario/painel-social/internal/repository/child_repository.go:104.2,104.12 1 0
github.com/prefeiturario/painel-social/internal/repository/child_repository.go:107.62,130.2 3 0
github.com/prefeiturario/painel-social/internal/service/auth_service.go:18.49,20.2 1 0
github.com/prefeiturario/painel-social/internal/service/auth_service.go:22.69,23.68 1 0
github.com/prefeiturario/painel-social/internal/service/auth_service.go:23.68,25.3 1 0
github.com/prefeiturario/painel-social/internal/service/auth_service.go:27.2,33.45 3 0
github.com/prefeiturario/painel-social/internal/service/auth_service.go:36.77,37.68 1 0
github.com/prefeiturario/painel-social/internal/service/auth_service.go:37.68,38.54 1 0
github.com/prefeiturario/painel-social/internal/service/auth_service.go:38.54,40.4 1 0
github.com/prefeiturario/painel-social/internal/service/auth_service.go:41.3,41.31 1 0
github.com/prefeiturario/painel-social/internal/service/auth_service.go:43.2,43.32 1 0
github.com/prefeiturario/painel-social/internal/service/auth_service.go:43.32,45.3 1 0
github.com/prefeiturario/painel-social/internal/service/auth_service.go:46.2,47.9 2 0
github.com/prefeiturario/painel-social/internal/service/auth_service.go:47.9,49.3 1 0
github.com/prefeiturario/painel-social/internal/service/auth_service.go:50.2,50.20 1 0
github.com/prefeiturario/painel-social/internal/service/child_service.go:19.71,21.2 1 0
github.com/prefeiturario/painel-social/internal/service/child_service.go:23.93,24.21 1 0
github.com/prefeiturario/painel-social/internal/service/child_service.go:24.21,26.3 1 0
github.com/prefeiturario/painel-social/internal/service/child_service.go:27.2,27.50 1 0
github.com/prefeiturario/painel-social/internal/service/child_service.go:27.50,29.3 1 0
github.com/prefeiturario/painel-social/internal/service/child_service.go:30.2,30.28 1 0
github.com/prefeiturario/painel-social/internal/service/child_service.go:33.66,35.16 2 0
github.com/prefeiturario/painel-social/internal/service/child_service.go:35.16,37.3 1 0
github.com/prefeiturario/painel-social/internal/service/child_service.go:38.2,38.14 1 0
github.com/prefeiturario/painel-social/internal/service/child_service.go:38.14,40.3 1 0
github.com/prefeiturario/painel-social/internal/service/child_service.go:41.2,41.15 1 0
github.com/prefeiturario/painel-social/internal/service/child_service.go:44.64,46.77 2 0
github.com/prefeiturario/painel-social/internal/service/child_service.go:46.77,48.3 1 0
github.com/prefeiturario/painel-social/internal/service/child_service.go:49.2,49.12 1 0
github.com/prefeiturario/painel-social/internal/service/child_service.go:52.59,54.2 1 0
github.com/prefeiturario/painel-social/internal/config/config.go:16.21,18.16 2 0
github.com/prefeiturario/painel-social/internal/config/config.go:18.16,20.3 1 0
github.com/prefeiturario/painel-social/internal/config/config.go:21.2,22.28 2 0
github.com/prefeiturario/painel-social/internal/config/config.go:22.28,24.3 1 0
github.com/prefeiturario/painel-social/internal/config/config.go:26.2,32.3 1 0
github.com/prefeiturario/painel-social/internal/config/config.go:35.42,36.34 1 0
github.com/prefeiturario/painel-social/internal/config/config.go:36.34,38.3 1 0
github.com/prefeiturario/painel-social/internal/config/config.go:39.2,39.17 1 0
github.com/prefeiturario/painel-social/internal/domain/models.go:23.33,23.54 1 0
github.com/prefeiturario/painel-social/internal/domain/models.go:33.33,33.51 1 0
github.com/prefeiturario/painel-social/internal/domain/models.go:43.36,43.57 1 0
github.com/prefeiturario/painel-social/internal/domain/models.go:53.45,53.76 1 0
github.com/prefeiturario/painel-social/internal/domain/models.go:55.34,56.48 1 0
github.com/prefeiturario/painel-social/internal/domain/models.go:56.48,58.3 1 0
github.com/prefeiturario/painel-social/internal/domain/models.go:59.2,59.54 1 0
github.com/prefeiturario/painel-social/internal/domain/models.go:59.54,61.3 1 0
github.com/prefeiturario/painel-social/internal/domain/models.go:62.2,62.72 1 0
github.com/prefeiturario/painel-social/internal/domain/models.go:62.72,64.3 1 0
github.com/prefeiturario/painel-social/internal/domain/models.go:65.2,65.14 1 0
github.com/prefeiturario/painel-social/internal/handler/auth_handler.go:14.60,16.2 1 0
github.com/prefeiturario/painel-social/internal/handler/auth_handler.go:23.45,25.47 2 0
github.com/prefeiturario/painel-social/internal/handler/auth_handler.go:25.47,28.3 2 0
github.com/prefeiturario/painel-social/internal/handler/auth_handler.go:30.2,31.16 2 0
github.com/prefeiturario/painel-social/internal/handler/auth_handler.go:31.16,34.3 2 0
github.com/prefeiturario/painel-social/internal/handler/auth_handler.go:36.2,36.46 1 0
github.com/prefeiturario/painel-social/internal/handler/child_handler.go:16.63,18.2 1 0
github.com/prefeiturario/painel-social/internal/handler/child_handler.go:20.45,27.42 2 0
github.com/prefeiturario/painel-social/internal/handler/child_handler.go:27.42,30.3 2 0
github.com/prefeiturario/painel-social/internal/handler/child_handler.go:31.2,31.39 1 0
github.com/prefeiturario/painel-social/internal/handler/child_handler.go:31.39,34.3 2 0
github.com/prefeiturario/painel-social/internal/handler/child_handler.go:36.2,37.16 2 0
github.com/prefeiturario/painel-social/internal/handler/child_handler.go:37.16,40.3 2 0
github.com/prefeiturario/painel-social/internal/handler/child_handler.go:41.2,41.31 1 0
github.com/prefeiturario/painel-social/internal/handler/child_handler.go:44.48,46.32 2 0
github.com/prefeiturario/painel-social/internal/handler/child_handler.go:46.32,49.3 2 0
github.com/prefeiturario/painel-social/internal/handler/child_handler.go:50.2,50.16 1 0
github.com/prefeiturario/painel-social/internal/handler/child_handler.go:50.16,53.3 2 0
github.com/prefeiturario/painel-social/internal/handler/child_handler.go:54.2,54.30 1 0
github.com/prefeiturario/painel-social/internal/handler/child_handler.go:57.47,62.32 4 0
github.com/prefeiturario/painel-social/internal/handler/child_handler.go:62.32,65.3 2 0
github.com/prefeiturario/painel-social/internal/handler/child_handler.go:66.2,66.16 1 0
github.com/prefeiturario/painel-social/internal/handler/child_handler.go:66.16,69.3 2 0
github.com/prefeiturario/painel-social/internal/handler/child_handler.go:70.2,70.53 1 0
github.com/prefeiturario/painel-social/internal/handler/child_handler.go:73.56,75.25 2 0
github.com/prefeiturario/painel-social/internal/handler/child_handler.go:75.25,77.3 1 0
github.com/prefeiturario/painel-social/internal/handler/child_handler.go:78.2,78.10 1 0
github.com/prefeiturario/painel-social/internal/handler/summary_handler.go:9.48,11.16 2 0
github.com/prefeiturario/painel-social/internal/handler/summary_handler.go:11.16,14.3 2 0
github.com/prefeiturario/painel-social/internal/handler/summary_handler.go:15.2,15.26 1 0
github.com/prefeiturario/painel-social/internal/middleware/auth.go:11.57,12.30 1 0
github.com/prefeiturario/painel-social/internal/middleware/auth.go:12.30,14.44 2 0
github.com/prefeiturario/painel-social/internal/middleware/auth.go:14.44,17.4 2 0
github.com/prefeiturario/painel-social/internal/middleware/auth.go:18.3,19.17 2 0
github.com/prefeiturario/painel-social/internal/middleware/auth.go:19.17,22.4 2 0
github.com/prefeiturario/painel-social/internal/middleware/auth.go:23.3,24.11 2 0
github.com/prefeiturario/painel-social/internal/repository/child_repository.go:17.55,19.2 1 0
github.com/prefeiturario/painel-social/internal/repository/child_repository.go:21.96,24.25 2 0
github.com/prefeiturario/painel-social/internal/repository/child_repository.go:24.25,26.3 1 0
github.com/prefeiturario/painel-social/internal/repository/child_repository.go:27.2,27.28 1 0
github.com/prefeiturario/painel-social/internal/repository/child_repository.go:27.28,29.3 1 0
github.com/prefeiturario/painel-social/internal/repository/child_repository.go:30.2,30.30 1 0
github.com/prefeiturario/painel-social/internal/repository/child_repository.go:30.30,31.25 1 0
github.com/prefeiturario/painel-social/internal/repository/child_repository.go:31.25,37.4 1 0
github.com/prefeiturario/painel-social/internal/repository/child_repository.go:37.9,43.4 1 0
github.com/prefeiturario/painel-social/internal/repository/child_repository.go:46.2,47.46 2 0
github.com/prefeiturario/painel-social/internal/repository/child_repository.go:47.46,49.3 1 0
github.com/prefeiturario/painel-social/internal/repository/child_repository.go:51.2,60.16 3 0
github.com/prefeiturario/painel-social/internal/repository/child_repository.go:60.16,62.3 1 0
github.com/prefeiturario/painel-social/internal/repository/child_repository.go:64.2,71.8 2 0
github.com/prefeiturario/painel-social/internal/repository/child_repository.go:74.69,81.35 3 0
github.com/prefeiturario/painel-social/internal/repository/child_repository.go:81.35,83.3 1 0
github.com/prefeiturario/painel-social/internal/repository/child_repository.go:84.2,84.16 1 0
github.com/prefeiturario/painel-social/internal/repository/child_repository.go:84.16,86.3 1 0
github.com/prefeiturario/painel-social/internal/repository/child_repository.go:87.2,87.20 1 0
github.com/prefeiturario/painel-social/internal/repository/child_repository.go:90.67,98.25 2 0
github.com/prefeiturario/painel-social/internal/repository/child_repository.go:98.25,100.3 1 0
github.com/prefeiturario/painel-social/internal/repository/child_repository.go:101.2,101.30 1 0
github.com/prefeiturario/painel-social/internal/repository/child_repository.go:101.30,103.3 1 0
github.com/prefeiturario/painel-social/internal/repository/child_repository.go:104.2,104.12 1 0
github.com/prefeiturario/painel-social/internal/repository/child_repository.go:107.62,130.2 3 0
github.com/prefeiturario/painel-social/internal/service/auth_service.go:18.49,20.2 1 1
github.com/prefeiturario/painel-social/internal/service/auth_service.go:22.69,23.68 1 1
github.com/prefeiturario/painel-social/internal/service/auth_service.go:23.68,25.3 1 1
github.com/prefeiturario/painel-social/internal/service/auth_service.go:27.2,33.45 3 1
github.com/prefeiturario/painel-social/internal/service/auth_service.go:36.77,37.68 1 1
github.com/prefeiturario/painel-social/internal/service/auth_service.go:37.68,38.54 1 1
github.com/prefeiturario/painel-social/internal/service/auth_service.go:38.54,40.4 1 1
github.com/prefeiturario/painel-social/internal/service/auth_service.go:41.3,41.31 1 1
github.com/prefeiturario/painel-social/internal/service/auth_service.go:43.2,43.32 1 1
github.com/prefeiturario/painel-social/internal/service/auth_service.go:43.32,45.3 1 1
github.com/prefeiturario/painel-social/internal/service/auth_service.go:46.2,47.9 2 1
github.com/prefeiturario/painel-social/internal/service/auth_service.go:47.9,49.3 1 0
github.com/prefeiturario/painel-social/internal/service/auth_service.go:50.2,50.20 1 1
github.com/prefeiturario/painel-social/internal/service/child_service.go:19.71,21.2 1 1
github.com/prefeiturario/painel-social/internal/service/child_service.go:23.93,24.21 1 1
github.com/prefeiturario/painel-social/internal/service/child_service.go:24.21,26.3 1 1
github.com/prefeiturario/painel-social/internal/service/child_service.go:27.2,27.50 1 1
github.com/prefeiturario/painel-social/internal/service/child_service.go:27.50,29.3 1 1
github.com/prefeiturario/painel-social/internal/service/child_service.go:30.2,30.28 1 1
github.com/prefeiturario/painel-social/internal/service/child_service.go:33.66,35.16 2 1
github.com/prefeiturario/painel-social/internal/service/child_service.go:35.16,37.3 1 1
github.com/prefeiturario/painel-social/internal/service/child_service.go:38.2,38.14 1 1
github.com/prefeiturario/painel-social/internal/service/child_service.go:38.14,40.3 1 1
github.com/prefeiturario/painel-social/internal/service/child_service.go:41.2,41.15 1 1
github.com/prefeiturario/painel-social/internal/service/child_service.go:44.64,46.77 2 1
github.com/prefeiturario/painel-social/internal/service/child_service.go:46.77,48.3 1 1
github.com/prefeiturario/painel-social/internal/service/child_service.go:49.2,49.12 1 1
github.com/prefeiturario/painel-social/internal/service/child_service.go:52.59,54.2 1 1
github.com/prefeiturario/painel-social/internal/config/config.go:16.21,18.16 2 0
github.com/prefeiturario/painel-social/internal/config/config.go:18.16,20.3 1 0
github.com/prefeiturario/painel-social/internal/config/config.go:21.2,22.28 2 0
github.com/prefeiturario/painel-social/internal/config/config.go:22.28,24.3 1 0
github.com/prefeiturario/painel-social/internal/config/config.go:26.2,32.3 1 0
github.com/prefeiturario/painel-social/internal/config/config.go:35.42,36.34 1 0
github.com/prefeiturario/painel-social/internal/config/config.go:36.34,38.3 1 0
github.com/prefeiturario/painel-social/internal/config/config.go:39.2,39.17 1 0
github.com/prefeiturario/painel-social/internal/domain/models.go:23.33,23.54 1 0
github.com/prefeiturario/painel-social/internal/domain/models.go:33.33,33.51 1 0
github.com/prefeiturario/painel-social/internal/domain/models.go:43.36,43.57 1 0
github.com/prefeiturario/painel-social/internal/domain/models.go:53.45,53.76 1 0
github.com/prefeiturario/painel-social/internal/domain/models.go:55.34,56.48 1 0
github.com/prefeiturario/painel-social/internal/domain/models.go:56.48,58.3 1 0
github.com/prefeiturario/painel-social/internal/domain/models.go:59.2,59.54 1 0
github.com/prefeiturario/painel-social/internal/domain/models.go:59.54,61.3 1 0
github.com/prefeiturario/painel-social/internal/domain/models.go:62.2,62.72 1 0
github.com/prefeiturario/painel-social/internal/domain/models.go:62.72,64.3 1 0
github.com/prefeiturario/painel-social/internal/domain/models.go:65.2,65.14 1 0
github.com/prefeiturario/painel-social/internal/handler/auth_handler.go:14.60,16.2 1 0
github.com/prefeiturario/painel-social/internal/handler/auth_handler.go:23.45,25.47 2 0
github.com/prefeiturario/painel-social/internal/handler/auth_handler.go:25.47,28.3 2 0
github.com/prefeiturario/painel-social/internal/handler/auth_handler.go:30.2,31.16 2 0
github.com/prefeiturario/painel-social/internal/handler/auth_handler.go:31.16,34.3 2 0
github.com/prefeiturario/painel-social/internal/handler/auth_handler.go:36.2,36.46 1 0
github.com/prefeiturario/painel-social/internal/handler/child_handler.go:16.63,18.2 1 0
github.com/prefeiturario/painel-social/internal/handler/child_handler.go:20.45,27.42 2 0
github.com/prefeiturario/painel-social/internal/handler/child_handler.go:27.42,30.3 2 0
github.com/prefeiturario/painel-social/internal/handler/child_handler.go:31.2,31.39 1 0
github.com/prefeiturario/painel-social/internal/handler/child_handler.go:31.39,34.3 2 0
github.com/prefeiturario/painel-social/internal/handler/child_handler.go:36.2,37.16 2 0
github.com/prefeiturario/painel-social/internal/handler/child_handler.go:37.16,40.3 2 0
github.com/prefeiturario/painel-social/internal/handler/child_handler.go:41.2,41.31 1 0
github.com/prefeiturario/painel-social/internal/handler/child_handler.go:44.48,46.32 2 0
github.com/prefeiturario/painel-social/internal/handler/child_handler.go:46.32,49.3 2 0
github.com/prefeiturario/painel-social/internal/handler/child_handler.go:50.2,50.16 1 0
github.com/prefeiturario/painel-social/internal/handler/child_handler.go:50.16,53.3 2 0
github.com/prefeiturario/painel-social/internal/handler/child_handler.go:54.2,54.30 1 0
github.com/prefeiturario/painel-social/internal/handler/child_handler.go:57.47,62.32 4 0
github.com/prefeiturario/painel-social/internal/handler/child_handler.go:62.32,65.3 2 0
github.com/prefeiturario/painel-social/internal/handler/child_handler.go:66.2,66.16 1 0
github.com/prefeiturario/painel-social/internal/handler/child_handler.go:66.16,69.3 2 0
github.com/prefeiturario/painel-social/internal/handler/child_handler.go:70.2,70.53 1 0
github.com/prefeiturario/painel-social/internal/handler/child_handler.go:73.56,75.25 2 0
github.com/prefeiturario/painel-social/internal/handler/child_handler.go:75.25,77.3 1 0
github.com/prefeiturario/painel-social/internal/handler/child_handler.go:78.2,78.10 1 0
github.com/prefeiturario/painel-social/internal/handler/summary_handler.go:9.48,11.16 2 0
github.com/prefeiturario/painel-social/internal/handler/summary_handler.go:11.16,14.3 2 0
github.com/prefeiturario/painel-social/internal/handler/summary_handler.go:15.2,15.26 1 0
github.com/prefeiturario/painel-social/internal/middleware/auth.go:11.57,12.30 1 1
github.com/prefeiturario/painel-social/internal/middleware/auth.go:12.30,14.44 2 1
github.com/prefeiturario/painel-social/internal/middleware/auth.go:14.44,17.4 2 1
github.com/prefeiturario/painel-social/internal/middleware/auth.go:18.3,19.17 2 1
github.com/prefeiturario/painel-social/internal/middleware/auth.go:19.17,22.4 2 1
github.com/prefeiturario/painel-social/internal/middleware/auth.go:23.3,24.11 2 1
github.com/prefeiturario/painel-social/internal/repository/child_repository.go:17.55,19.2 1 0
github.com/prefeiturario/painel-social/internal/repository/child_repository.go:21.96,24.25 2 0
github.com/prefeiturario/painel-social/internal/repository/child_repository.go:24.25,26.3 1 0
github.com/prefeiturario/painel-social/internal/repository/child_repository.go:27.2,27.28 1 0
github.com/prefeiturario/painel-social/internal/repository/child_repository.go:27.28,29.3 1 0
github.com/prefeiturario/painel-social/internal/repository/child_repository.go:30.2,30.30 1 0
github.com/prefeiturario/painel-social/internal/repository/child_repository.go:30.30,31.25 1 0
github.com/prefeiturario/painel-social/internal/repository/child_repository.go:31.25,37.4 1 0
github.com/prefeiturario/painel-social/internal/repository/child_repository.go:37.9,43.4 1 0
github.com/prefeiturario/painel-social/internal/repository/child_repository.go:46.2,47.46 2 0
github.com/prefeiturario/painel-social/internal/repository/child_repository.go:47.46,49.3 1 0
github.com/prefeiturario/painel-social/internal/repository/child_repository.go:51.2,60.16 3 0
github.com/prefeiturario/painel-social/internal/repository/child_repository.go:60.16,62.3 1 0
github.com/prefeiturario/painel-social/internal/repository/child_repository.go:64.2,71.8 2 0
github.com/prefeiturario/painel-social/internal/repository/child_repository.go:74.69,81.35 3 0
github.com/prefeiturario/painel-social/internal/repository/child_repository.go:81.35,83.3 1 0
github.com/prefeiturario/painel-social/internal/repository/child_repository.go:84.2,84.16 1 0
github.com/prefeiturario/painel-social/internal/repository/child_repository.go:84.16,86.3 1 0
github.com/prefeiturario/painel-social/internal/repository/child_repository.go:87.2,87.20 1 0
github.com/prefeiturario/painel-social/internal/repository/child_repository.go:90.67,98.25 2 0
github.com/prefeiturario/painel-social/internal/repository/child_repository.go:98.25,100.3 1 0
github.com/prefeiturario/painel-social/internal/repository/child_repository.go:101.2,101.30 1 0
github.com/prefeiturario/painel-social/internal/repository/child_repository.go:101.30,103.3 1 0
github.com/prefeiturario/painel-social/internal/repository/child_repository.go:104.2,104.12 1 0
github.com/prefeiturario/painel-social/internal/repository/child_repository.go:107.62,130.2 3 0
github.com/prefeiturario/painel-social/internal/service/auth_service.go:18.49,20.2 1 1
github.com/prefeiturario/painel-social/internal/service/auth_service.go:22.69,23.68 1 1
github.com/prefeiturario/painel-social/internal/service/auth_service.go:23.68,25.3 1 0
github.com/prefeiturario/painel-social/internal/service/auth_service.go:27.2,33.45 3 1
github.com/prefeiturario/painel-social/internal/service/auth_service.go:36.77,37.68 1 1
github.com/prefeiturario/painel-social/internal/service/auth_service.go:37.68,38.54 1 1
github.com/prefeiturario/painel-social/internal/service/auth_service.go:38.54,40.4 1 0
github.com/prefeiturario/painel-social/internal/service/auth_service.go:41.3,41.31 1 1
github.com/prefeiturario/painel-social/internal/service/auth_service.go:43.2,43.32 1 1
github.com/prefeiturario/painel-social/internal/service/auth_service.go:43.32,45.3 1 1
github.com/prefeiturario/painel-social/internal/service/auth_service.go:46.2,47.9 2 1
github.com/prefeiturario/painel-social/internal/service/auth_service.go:47.9,49.3 1 0
github.com/prefeiturario/painel-social/internal/service/auth_service.go:50.2,50.20 1 1
github.com/prefeiturario/painel-social/internal/service/child_service.go:19.71,21.2 1 0
github.com/prefeiturario/painel-social/internal/service/child_service.go:23.93,24.21 1 0
github.com/prefeiturario/painel-social/internal/service/child_service.go:24.21,26.3 1 0
github.com/prefeiturario/painel-social/internal/service/child_service.go:27.2,27.50 1 0
github.com/prefeiturario/painel-social/internal/service/child_service.go:27.50,29.3 1 0
github.com/prefeiturario/painel-social/internal/service/child_service.go:30.2,30.28 1 0
github.com/prefeiturario/painel-social/internal/service/child_service.go:33.66,35.16 2 0
github.com/prefeiturario/painel-social/internal/service/child_service.go:35.16,37.3 1 0
github.com/prefeiturario/painel-social/internal/service/child_service.go:38.2,38.14 1 0
github.com/prefeiturario/painel-social/internal/service/child_service.go:38.14,40.3 1 0
github.com/prefeiturario/painel-social/internal/service/child_service.go:41.2,41.15 1 0
github.com/prefeiturario/painel-social/internal/service/child_service.go:44.64,46.77 2 0
github.com/prefeiturario/painel-social/internal/service/child_service.go:46.77,48.3 1 0
github.com/prefeiturario/painel-social/internal/service/child_service.go:49.2,49.12 1 0
github.com/prefeiturario/painel-social/internal/service/child_service.go:52.59,54.2 1 0
github.com/prefeiturario/painel-social/internal/config/config.go:16.21,18.16 2 1
github.com/prefeiturario/painel-social/internal/config/config.go:18.16,20.3 1 1
github.com/prefeiturario/painel-social/internal/config/config.go:21.2,22.28 2 1
github.com/prefeiturario/painel-social/internal/config/config.go:22.28,24.3 1 1
github.com/prefeiturario/painel-social/internal/config/config.go:26.2,32.3 1 1
github.com/prefeiturario/painel-social/internal/config/config.go:35.42,36.34 1 1
github.com/prefeiturario/painel-social/internal/config/config.go:36.34,38.3 1 1
github.com/prefeiturario/painel-social/internal/config/config.go:39.2,39.17 1 1
github.com/prefeiturario/painel-social/internal/domain/models.go:23.33,23.54 1 0
github.com/prefeiturario/painel-social/internal/domain/models.go:33.33,33.51 1 0
github.com/prefeiturario/painel-social/internal/domain/models.go:43.36,43.57 1 0
github.com/prefeiturario/painel-social/internal/domain/models.go:53.45,53.76 1 0
github.com/prefeiturario/painel-social/internal/domain/models.go:55.34,56.48 1 0
github.com/prefeiturario/painel-social/internal/domain/models.go:56.48,58.3 1 0
github.com/prefeiturario/painel-social/internal/domain/models.go:59.2,59.54 1 0
github.com/prefeiturario/painel-social/internal/domain/models.go:59.54,61.3 1 0
github.com/prefeiturario/painel-social/internal/domain/models.go:62.2,62.72 1 0
github.com/prefeiturario/painel-social/internal/domain/models.go:62.72,64.3 1 0
github.com/prefeiturario/painel-social/internal/domain/models.go:65.2,65.14 1 0
github.com/prefeiturario/painel-social/internal/handler/auth_handler.go:14.60,16.2 1 0
github.com/prefeiturario/painel-social/internal/handler/auth_handler.go:23.45,25.47 2 0
github.com/prefeiturario/painel-social/internal/handler/auth_handler.go:25.47,28.3 2 0
github.com/prefeiturario/painel-social/internal/handler/auth_handler.go:30.2,31.16 2 0
github.com/prefeiturario/painel-social/internal/handler/auth_handler.go:31.16,34.3 2 0
github.com/prefeiturario/painel-social/internal/handler/auth_handler.go:36.2,36.46 1 0
github.com/prefeiturario/painel-social/internal/handler/child_handler.go:16.63,18.2 1 0
github.com/prefeiturario/painel-social/internal/handler/child_handler.go:20.45,27.42 2 0
github.com/prefeiturario/painel-social/internal/handler/child_handler.go:27.42,30.3 2 0
github.com/prefeiturario/painel-social/internal/handler/child_handler.go:31.2,31.39 1 0
github.com/prefeiturario/painel-social/internal/handler/child_handler.go:31.39,34.3 2 0
github.com/prefeiturario/painel-social/internal/handler/child_handler.go:36.2,37.16 2 0
github.com/prefeiturario/painel-social/internal/handler/child_handler.go:37.16,40.3 2 0
github.com/prefeiturario/painel-social/internal/handler/child_handler.go:41.2,41.31 1 0
github.com/prefeiturario/painel-social/internal/handler/child_handler.go:44.48,46.32 2 0
github.com/prefeiturario/painel-social/internal/handler/child_handler.go:46.32,49.3 2 0
github.com/prefeiturario/painel-social/internal/handler/child_handler.go:50.2,50.16 1 0
github.com/prefeiturario/painel-social/internal/handler/child_handler.go:50.16,53.3 2 0
github.com/prefeiturario/painel-social/internal/handler/child_handler.go:54.2,54.30 1 0
github.com/prefeiturario/painel-social/internal/handler/child_handler.go:57.47,62.32 4 0
github.com/prefeiturario/painel-social/internal/handler/child_handler.go:62.32,65.3 2 0
github.com/prefeiturario/painel-social/internal/handler/child_handler.go:66.2,66.16 1 0
github.com/prefeiturario/painel-social/internal/handler/child_handler.go:66.16,69.3 2 0
github.com/prefeiturario/painel-social/internal/handler/child_handler.go:70.2,70.53 1 0
github.com/prefeiturario/painel-social/internal/handler/child_handler.go:73.56,75.25 2 0
github.com/prefeiturario/painel-social/internal/handler/child_handler.go:75.25,77.3 1 0
github.com/prefeiturario/painel-social/internal/handler/child_handler.go:78.2,78.10 1 0
github.com/prefeiturario/painel-social/internal/handler/summary_handler.go:9.48,11.16 2 0
github.com/prefeiturario/painel-social/internal/handler/summary_handler.go:11.16,14.3 2 0
github.com/prefeiturario/painel-social/internal/handler/summary_handler.go:15.2,15.26 1 0
github.com/prefeiturario/painel-social/internal/middleware/auth.go:11.57,12.30 1 0
github.com/prefeiturario/painel-social/internal/middleware/auth.go:12.30,14.44 2 0
github.com/prefeiturario/painel-social/internal/middleware/auth.go:14.44,17.4 2 0
github.com/prefeiturario/painel-social/internal/middleware/auth.go:18.3,19.17 2 0
github.com/prefeiturario/painel-social/internal/middleware/auth.go:19.17,22.4 2 0
github.com/prefeiturario/painel-social/internal/middleware/auth.go:23.3,24.11 2 0
github.com/prefeiturario/painel-social/internal/repository/child_repository.go:17.55,19.2 1 0
github.com/prefeiturario/painel-social/internal/repository/child_repository.go:21.96,24.25 2 0
github.com/prefeiturario/painel-social/internal/repository/child_repository.go:24.25,26.3 1 0
github.com/prefeiturario/painel-social/internal/repository/child_repository.go:27.2,27.28 1 0
github.com/prefeiturario/painel-social/internal/repository/child_repository.go:27.28,29.3 1 0
github.com/prefeiturario/painel-social/internal/repository/child_repository.go:30.2,30.30 1 0
github.com/prefeiturario/painel-social/internal/repository/child_repository.go:30.30,31.25 1 0
github.com/prefeiturario/painel-social/internal/repository/child_repository.go:31.25,37.4 1 0
github.com/prefeiturario/painel-social/internal/repository/child_repository.go:37.9,43.4 1 0
github.com/prefeiturario/painel-social/internal/repository/child_repository.go:46.2,47.46 2 0
github.com/prefeiturario/painel-social/internal/repository/child_repository.go:47.46,49.3 1 0
github.com/prefeiturario/painel-social/internal/repository/child_repository.go:51.2,60.16 3 0
github.com/prefeiturario/painel-social/internal/repository/child_repository.go:60.16,62.3 1 0
github.com/prefeiturario/painel-social/internal/repository/child_repository.go:64.2,71.8 2 0
github.com/prefeiturario/painel-social/internal/repository/child_repository.go:74.69,81.35 3 0
github.com/prefeiturario/painel-social/internal/repository/child_repository.go:81.35,83.3 1 0
github.com/prefeiturario/painel-social/internal/repository/child_repository.go:84.2,84.16 1 0
github.com/prefeiturario/painel-social/internal/repository/child_repository.go:84.16,86.3 1 0
github.com/prefeiturario/painel-social/internal/repository/child_repository.go:87.2,87.20 1 0
github.com/prefeiturario/painel-social/internal/repository/child_repository.go:90.67,98.25 2 0
github.com/prefeiturario/painel-social/internal/repository/child_repository.go:98.25,100.3 1 0
github.com/prefeiturario/painel-social/internal/repository/child_repository.go:101.2,101.30 1 0
github.com/prefeiturario/painel-social/internal/repository/child_repository.go:101.30,103.3 1 0
github.com/prefeiturario/painel-social/internal/repository/child_repository.go:104.2,104.12 1 0
github.com/prefeiturario/painel-social/internal/repository/child_repository.go:107.62,130.2 3 0
github.com/prefeiturario/painel-social/internal/service/auth_service.go:18.49,20.2 1 0
github.com/prefeiturario/painel-social/internal/service/auth_service.go:22.69,23.68 1 0
github.com/prefeiturario/painel-social/internal/service/auth_service.go:23.68,25.3 1 0
github.com/prefeiturario/painel-social/internal/service/auth_service.go:27.2,33.45 3 0
github.com/prefeiturario/painel-social/internal/service/auth_service.go:36.77,37.68 1 0
github.com/prefeiturario/painel-social/internal/service/auth_service.go:37.68,38.54 1 0
github.com/prefeiturario/painel-social/internal/service/auth_service.go:38.54,40.4 1 0
github.com/prefeiturario/painel-social/internal/service/auth_service.go:41.3,41.31 1 0
github.com/prefeiturario/painel-social/internal/service/auth_service.go:43.2,43.32 1 0
github.com/prefeiturario/painel-social/internal/service/auth_service.go:43.32,45.3 1 0
github.com/prefeiturario/painel-social/internal/service/auth_service.go:46.2,47.9 2 0
github.com/prefeiturario/painel-social/internal/service/auth_service.go:47.9,49.3 1 0
github.com/prefeiturario/painel-social/internal/service/auth_service.go:50.2,50.20 1 0
github.com/prefeiturario/painel-social/internal/service/child_service.go:19.71,21.2 1 0
github.com/prefeiturario/painel-social/internal/service/child_service.go:23.93,24.21 1 0
github.com/prefeiturario/painel-social/internal/service/child_service.go:24.21,26.3 1 0
github.com/prefeiturario/painel-social/internal/service/child_service.go:27.2,27.50 1 0
github.com/prefeiturario/painel-social/internal/service/child_service.go:27.50,29.3 1 0
github.com/prefeiturario/painel-social/internal/service/child_service.go:30.2,30.28 1 0
github.com/prefeiturario/painel-social/internal/service/child_service.go:33.66,35.16 2 0
github.com/prefeiturario/painel-social/internal/service/child_service.go:35.16,37.3 1 0
github.com/prefeiturario/painel-social/internal/service/child_service.go:38.2,38.14 1 0
github.com/prefeiturario/painel-social/internal/service/child_service.go:38.14,40.3 1 0
github.com/prefeiturario/painel-social/internal/service/child_service.go:41.2,41.15 1 0
github.com/prefeiturario/painel-social/internal/service/child_service.go:44.64,46.77 2 0
github.com/prefeiturario/painel-social/internal/service/child_service.go:46.77,48.3 1 0
github.com/prefeiturario/painel-social/internal/service/child_service.go:49.2,49.12 1 0
github.com/prefeiturario/painel-social/internal/service/child_service.go:52.59,54.2 1 0
github.com/prefeiturario/painel-social/internal/config/config.go:16.21,18.16 2 0
github.com/prefeiturario/painel-social/internal/config/config.go:18.16,20.3 1 0
github.com/prefeiturario/painel-social/internal/config/config.go:21.2,22.28 2 0
github.com/prefeiturario/painel-social/internal/config/config.go:22.28,24.3 1 0
github.com/prefeiturario/painel-social/internal/config/config.go:26.2,32.3 1 0
github.com/prefeiturario/painel-social/internal/config/config.go:35.42,36.34 1 0
github.com/prefeiturario/painel-social/internal/config/config.go:36.34,38.3 1 0
github.com/prefeiturario/painel-social/internal/config/config.go:39.2,39.17 1 0
github.com/prefeiturario/painel-social/internal/domain/models.go:23.33,23.54 1 0
github.com/prefeiturario/painel-social/internal/domain/models.go:33.33,33.51 1 0
github.com/prefeiturario/painel-social/internal/domain/models.go:43.36,43.57 1 0
github.com/prefeiturario/painel-social/internal/domain/models.go:53.45,53.76 1 0
github.com/prefeiturario/painel-social/internal/domain/models.go:55.34,56.48 1 1
github.com/prefeiturario/painel-social/internal/domain/models.go:56.48,58.3 1 1
github.com/prefeiturario/painel-social/internal/domain/models.go:59.2,59.54 1 1
github.com/prefeiturario/painel-social/internal/domain/models.go:59.54,61.3 1 1
github.com/prefeiturario/painel-social/internal/domain/models.go:62.2,62.72 1 1
github.com/prefeiturario/painel-social/internal/domain/models.go:62.72,64.3 1 1
github.com/prefeiturario/painel-social/internal/domain/models.go:65.2,65.14 1 1
github.com/prefeiturario/painel-social/internal/handler/auth_handler.go:14.60,16.2 1 0
github.com/prefeiturario/painel-social/internal/handler/auth_handler.go:23.45,25.47 2 0
github.com/prefeiturario/painel-social/internal/handler/auth_handler.go:25.47,28.3 2 0
github.com/prefeiturario/painel-social/internal/handler/auth_handler.go:30.2,31.16 2 0
github.com/prefeiturario/painel-social/internal/handler/auth_handler.go:31.16,34.3 2 0
github.com/prefeiturario/painel-social/internal/handler/auth_handler.go:36.2,36.46 1 0
github.com/prefeiturario/painel-social/internal/handler/child_handler.go:16.63,18.2 1 0
github.com/prefeiturario/painel-social/internal/handler/child_handler.go:20.45,27.42 2 0
github.com/prefeiturario/painel-social/internal/handler/child_handler.go:27.42,30.3 2 0
github.com/prefeiturario/painel-social/internal/handler/child_handler.go:31.2,31.39 1 0
github.com/prefeiturario/painel-social/internal/handler/child_handler.go:31.39,34.3 2 0
github.com/prefeiturario/painel-social/internal/handler/child_handler.go:36.2,37.16 2 0
github.com/prefeiturario/painel-social/internal/handler/child_handler.go:37.16,40.3 2 0
github.com/prefeiturario/painel-social/internal/handler/child_handler.go:41.2,41.31 1 0
github.com/prefeiturario/painel-social/internal/handler/child_handler.go:44.48,46.32 2 0
github.com/prefeiturario/painel-social/internal/handler/child_handler.go:46.32,49.3 2 0
github.com/prefeiturario/painel-social/internal/handler/child_handler.go:50.2,50.16 1 0
github.com/prefeiturario/painel-social/internal/handler/child_handler.go:50.16,53.3 2 0
github.com/prefeiturario/painel-social/internal/handler/child_handler.go:54.2,54.30 1 0
github.com/prefeiturario/painel-social/internal/handler/child_handler.go:57.47,62.32 4 0
github.com/prefeiturario/painel-social/internal/handler/child_handler.go:62.32,65.3 2 0
github.com/prefeiturario/painel-social/internal/handler/child_handler.go:66.2,66.16 1 0
github.com/prefeiturario/painel-social/internal/handler/child_handler.go:66.16,69.3 2 0
github.com/prefeiturario/painel-social/internal/handler/child_handler.go:70.2,70.53 1 0
github.com/prefeiturario/painel-social/internal/handler/child_handler.go:73.56,75.25 2 0
github.com/prefeiturario/painel-social/internal/handler/child_handler.go:75.25,77.3 1 0
github.com/prefeiturario/painel-social/internal/handler/child_handler.go:78.2,78.10 1 0
github.com/prefeiturario/painel-social/internal/handler/summary_handler.go:9.48,11.16 2 0
github.com/prefeiturario/painel-social/internal/handler/summary_handler.go:11.16,14.3 2 0
github.com/prefeiturario/painel-social/internal/handler/summary_handler.go:15.2,15.26 1 0
github.com/prefeiturario/painel-social/internal/middleware/auth.go:11.57,12.30 1 0
github.com/prefeiturario/painel-social/internal/middleware/auth.go:12.30,14.44 2 0
github.com/prefeiturario/painel-social/internal/middleware/auth.go:14.44,17.4 2 0
github.com/prefeiturario/painel-social/internal/middleware/auth.go:18.3,19.17 2 0
github.com/prefeiturario/painel-social/internal/middleware/auth.go:19.17,22.4 2 0
github.com/prefeiturario/painel-social/internal/middleware/auth.go:23.3,24.11 2 0
github.com/prefeiturario/painel-social/internal/repository/child_repository.go:17.55,19.2 1 0
github.com/prefeiturario/painel-social/internal/repository/child_repository.go:21.96,24.25 2 0
github.com/prefeiturario/painel-social/internal/repository/child_repository.go:24.25,26.3 1 0
github.com/prefeiturario/painel-social/internal/repository/child_repository.go:27.2,27.28 1 0
github.com/prefeiturario/painel-social/internal/repository/child_repository.go:27.28,29.3 1 0
github.com/prefeiturario/painel-social/internal/repository/child_repository.go:30.2,30.30 1 0
github.com/prefeiturario/painel-social/internal/repository/child_repository.go:30.30,31.25 1 0
github.com/prefeiturario/painel-social/internal/repository/child_repository.go:31.25,37.4 1 0
github.com/prefeiturario/painel-social/internal/repository/child_repository.go:37.9,43.4 1 0
github.com/prefeiturario/painel-social/internal/repository/child_repository.go:46.2,47.46 2 0
github.com/prefeiturario/painel-social/internal/repository/child_repository.go:47.46,49.3 1 0
github.com/prefeiturario/painel-social/internal/repository/child_repository.go:51.2,60.16 3 0
github.com/prefeiturario/painel-social/internal/repository/child_repository.go:60.16,62.3 1 0
github.com/prefeiturario/painel-social/internal/repository/child_repository.go:64.2,71.8 2 0
github.com/prefeiturario/painel-social/internal/repository/child_repository.go:74.69,81.35 3 0
github.com/prefeiturario/painel-social/internal/repository/child_repository.go:81.35,83.3 1 0
github.com/prefeiturario/painel-social/internal/repository/child_repository.go:84.2,84.16 1 0
github.com/prefeiturario/painel-social/internal/repository/child_repository.go:84.16,86.3 1 0
github.com/prefeiturario/painel-social/internal/repository/child_repository.go:87.2,87.20 1 0
github.com/prefeiturario/painel-social/internal/repository/child_repository.go:90.67,98.25 2 0
github.com/prefeiturario/painel-social/internal/repository/child_repository.go:98.25,100.3 1 0
github.com/prefeiturario/painel-social/internal/repository/child_repository.go:101.2,101.30 1 0
github.com/prefeiturario/painel-social/internal/repository/child_repository.go:101.30,103.3 1 0
github.com/prefeiturario/painel-social/internal/repository/child_repository.go:104.2,104.12 1 0
github.com/prefeiturario/painel-social/internal/repository/child_repository.go:107.62,130.2 3 0
github.com/prefeiturario/painel-social/internal/service/auth_service.go:18.49,20.2 1 0
github.com/prefeiturario/painel-social/internal/service/auth_service.go:22.69,23.68 1 0
github.com/prefeiturario/painel-social/internal/service/auth_service.go:23.68,25.3 1 0
github.com/prefeiturario/painel-social/internal/service/auth_service.go:27.2,33.45 3 0
github.com/prefeiturario/painel-social/internal/service/auth_service.go:36.77,37.68 1 0
github.com/prefeiturario/painel-social/internal/service/auth_service.go:37.68,38.54 1 0
github.com/prefeiturario/painel-social/internal/service/auth_service.go:38.54,40.4 1 0
github.com/prefeiturario/painel-social/internal/service/auth_service.go:41.3,41.31 1 0
github.com/prefeiturario/painel-social/internal/service/auth_service.go:43.2,43.32 1 0
github.com/prefeiturario/painel-social/internal/service/auth_service.go:43.32,45.3 1 0
github.com/prefeiturario/painel-social/internal/service/auth_service.go:46.2,47.9 2 0
github.com/prefeiturario/painel-social/internal/service/auth_service.go:47.9,49.3 1 0
github.com/prefeiturario/painel-social/internal/service/auth_service.go:50.2,50.20 1 0
github.com/prefeiturario/painel-social/internal/service/child_service.go:19.71,21.2 1 0
github.com/prefeiturario/painel-social/internal/service/child_service.go:23.93,24.21 1 0
github.com/prefeiturario/painel-social/internal/service/child_service.go:24.21,26.3 1 0
github.com/prefeiturario/painel-social/internal/service/child_service.go:27.2,27.50 1 0
github.com/prefeiturario/painel-social/internal/service/child_service.go:27.50,29.3 1 0
github.com/prefeiturario/painel-social/internal/service/child_service.go:30.2,30.28 1 0
github.com/prefeiturario/painel-social/internal/service/child_service.go:33.66,35.16 2 0
github.com/prefeiturario/painel-social/internal/service/child_service.go:35.16,37.3 1 0
github.com/prefeiturario/painel-social/internal/service/child_service.go:38.2,38.14 1 0
github.com/prefeiturario/painel-social/internal/service/child_service.go:38.14,40.3 1 0
github.com/prefeiturario/painel-social/internal/service/child_service.go:41.2,41.15 1 0
github.com/prefeiturario/painel-social/internal/service/child_service.go:44.64,46.77 2 0
github.com/prefeiturario/painel-social/internal/service/child_service.go:46.77,48.3 1 0
github.com/prefeiturario/painel-social/internal/service/child_service.go:49.2,49.12 1 0
github.com/prefeiturario/painel-social/internal/service/child_service.go:52.59,54.2 1 0
github.com/prefeiturario/painel-social/internal/config/config.go:16.21,18.16 2 1
github.com/prefeiturario/painel-social/internal/config/config.go:18.16,20.3 1 1
github.com/prefeiturario/painel-social/internal/config/config.go:21.2,22.28 2 1
github.com/prefeiturario/painel-social/internal/config/config.go:22.28,24.3 1 1
github.com/prefeiturario/painel-social/internal/config/config.go:26.2,32.3 1 1
github.com/prefeiturario/painel-social/internal/config/config.go:35.42,36.34 1 1
github.com/prefeiturario/painel-social/internal/config/config.go:36.34,38.3 1 1
github.com/prefeiturario/painel-social/internal/config/config.go:39.2,39.17 1 1
github.com/prefeiturario/painel-social/internal/domain/models.go:23.33,23.54 1 0
github.com/prefeiturario/painel-social/internal/domain/models.go:33.33,33.51 1 0
github.com/prefeiturario/painel-social/internal/domain/models.go:43.36,43.57 1 0
github.com/prefeiturario/painel-social/internal/domain/models.go:53.45,53.76 1 0
github.com/prefeiturario/painel-social/internal/domain/models.go:55.34,56.48 1 0
github.com/prefeiturario/painel-social/internal/domain/models.go:56.48,58.3 1 0
github.com/prefeiturario/painel-social/internal/domain/models.go:59.2,59.54 1 0
github.com/prefeiturario/painel-social/internal/domain/models.go:59.54,61.3 1 0
github.com/prefeiturario/painel-social/internal/domain/models.go:62.2,62.72 1 0
github.com/prefeiturario/painel-social/internal/domain/models.go:62.72,64.3 1 0
github.com/prefeiturario/painel-social/internal/domain/models.go:65.2,65.14 1 0
github.com/prefeiturario/painel-social/internal/handler/auth_handler.go:14.60,16.2 1 0
github.com/prefeiturario/painel-social/internal/handler/auth_handler.go:23.45,25.47 2 0
github.com/prefeiturario/painel-social/internal/handler/auth_handler.go:25.47,28.3 2 0
github.com/prefeiturario/painel-social/internal/handler/auth_handler.go:30.2,31.16 2 0
github.com/prefeiturario/painel-social/internal/handler/auth_handler.go:31.16,34.3 2 0
github.com/prefeiturario/painel-social/internal/handler/auth_handler.go:36.2,36.46 1 0
github.com/prefeiturario/painel-social/internal/handler/child_handler.go:16.63,18.2 1 0
github.com/prefeiturario/painel-social/internal/handler/child_handler.go:20.45,27.42 2 0
github.com/prefeiturario/painel-social/internal/handler/child_handler.go:27.42,30.3 2 0
github.com/prefeiturario/painel-social/internal/handler/child_handler.go:31.2,31.39 1 0
github.com/prefeiturario/painel-social/internal/handler/child_handler.go:31.39,34.3 2 0
github.com/prefeiturario/painel-social/internal/handler/child_handler.go:36.2,37.16 2 0
github.com/prefeiturario/painel-social/internal/handler/child_handler.go:37.16,40.3 2 0
github.com/prefeiturario/painel-social/internal/handler/child_handler.go:41.2,41.31 1 0
github.com/prefeiturario/painel-social/internal/handler/child_handler.go:44.48,46.32 2 0
github.com/prefeiturario/painel-social/internal/handler/child_handler.go:46.32,49.3 2 0
github.com/prefeiturario/painel-social/internal/handler/child_handler.go:50.2,50.16 1 0
github.com/prefeiturario/painel-social/internal/handler/child_handler.go:50.16,53.3 2 0
github.com/prefeiturario/painel-social/internal/handler/child_handler.go:54.2,54.30 1 0
github.com/prefeiturario/painel-social/internal/handler/child_handler.go:57.47,62.32 4 0
github.com/prefeiturario/painel-social/internal/handler/child_handler.go:62.32,65.3 2 0
github.com/prefeiturario/painel-social/internal/handler/child_handler.go:66.2,66.16 1 0
github.com/prefeiturario/painel-social/internal/handler/child_handler.go:66.16,69.3 2 0
github.com/prefeiturario/painel-social/internal/handler/child_handler.go:70.2,70.53 1 0
github.com/prefeiturario/painel-social/internal/handler/child_handler.go:73.56,75.25 2 0
github.com/prefeiturario/painel-social/internal/handler/child_handler.go:75.25,77.3 1 0
github.com/prefeiturario/painel-social/internal/handler/child_handler.go:78.2,78.10 1 0
github.com/prefeiturario/painel-social/internal/handler/summary_handler.go:9.48,11.16 2 0
github.com/prefeiturario/painel-social/internal/handler/summary_handler.go:11.16,14.3 2 0
github.com/prefeiturario/painel-social/internal/handler/summary_handler.go:15.2,15.26 1 0
github.com/prefeiturario/painel-social/internal/middleware/auth.go:11.57,12.30 1 0
github.com/prefeiturario/painel-social/internal/middleware/auth.go:12.30,14.44 2 0
github.com/prefeiturario/painel-social/internal/middleware/auth.go:14.44,17.4 2 0
github.com/prefeiturario/painel-social/internal/middleware/auth.go:18.3,19.17 2 0
github.com/prefeiturario/painel-social/internal/middleware/auth.go:19.17,22.4 2 0
github.com/prefeiturario/painel-social/internal/middleware/auth.go:23.3,24.11 2 0
github.com/prefeiturario/painel-social/internal/repository/child_repository.go:17.55,19.2 1 0
github.com/prefeiturario/painel-social/internal/repository/child_repository.go:21.96,24.25 2 0
github.com/prefeiturario/painel-social/internal/repository/child_repository.go:24.25,26.3 1 0
github.com/prefeiturario/painel-social/internal/repository/child_repository.go:27.2,27.28 1 0
github.com/prefeiturario/painel-social/internal/repository/child_repository.go:27.28,29.3 1 0
github.com/prefeiturario/painel-social/internal/repository/child_repository.go:30.2,30.30 1 0
github.com/prefeiturario/painel-social/internal/repository/child_repository.go:30.30,31.25 1 0
github.com/prefeiturario/painel-social/internal/repository/child_repository.go:31.25,37.4 1 0
github.com/prefeiturario/painel-social/internal/repository/child_repository.go:37.9,43.4 1 0
github.com/prefeiturario/painel-social/internal/repository/child_repository.go:46.2,47.46 2 0
github.com/prefeiturario/painel-social/internal/repository/child_repository.go:47.46,49.3 1 0
github.com/prefeiturario/painel-social/internal/repository/child_repository.go:51.2,60.16 3 0
github.com/prefeiturario/painel-social/internal/repository/child_repository.go:60.16,62.3 1 0
github.com/prefeiturario/painel-social/internal/repository/child_repository.go:64.2,71.8 2 0
github.com/prefeiturario/painel-social/internal/repository/child_repository.go:74.69,81.35 3 0
github.com/prefeiturario/painel-social/internal/repository/child_repository.go:81.35,83.3 1 0
github.com/prefeiturario/painel-social/internal/repository/child_repository.go:84.2,84.16 1 0
github.com/prefeiturario/painel-social/internal/repository/child_repository.go:84.16,86.3 1 0
github.com/prefeiturario/painel-social/internal/repository/child_repository.go:87.2,87.20 1 0
github.com/prefeiturario/painel-social/internal/repository/child_repository.go:90.67,98.25 2 0
github.com/prefeiturario/painel-social/internal/repository/child_repository.go:98.25,100.3 1 0
github.com/prefeiturario/painel-social/internal/repository/child_repository.go:101.2,101.30 1 0
github.com/prefeiturario/painel-social/internal/repository/child_repository.go:101.30,103.3 1 0
github.com/prefeiturario/painel-social/internal/repository/child_repository.go:104.2,104.12 1 0
github.com/prefeiturario/painel-social/internal/repository/child_repository.go:107.62,130.2 3 0
github.com/prefeiturario/painel-social/internal/service/auth_service.go:18.49,20.2 1 0
github.com/prefeiturario/painel-social/internal/service/auth_service.go:22.69,23.68 1 0
github.com/prefeiturario/painel-social/internal/service/auth_service.go:23.68,25.3 1 0
github.com/prefeiturario/painel-social/internal/service/auth_service.go:27.2,33.45 3 0
github.com/prefeiturario/painel-social/internal/service/auth_service.go:36.77,37.68 1 0
github.com/prefeiturario/painel-social/internal/service/auth_service.go:37.68,38.54 1 0
github.com/prefeiturario/painel-social/internal/service/auth_service.go:38.54,40.4 1 0
github.com/prefeiturario/painel-social/internal/service/auth_service.go:41.3,41.31 1 0
github.com/prefeiturario/painel-social/internal/service/auth_service.go:43.2,43.32 1 0
github.com/prefeiturario/painel-social/internal/service/auth_service.go:43.32,45.3 1 0
github.com/prefeiturario/painel-social/internal/service/auth_service.go:46.2,47.9 2 0
github.com/prefeiturario/painel-social/internal/service/auth_service.go:47.9,49.3 1 0
github.com/prefeiturario/painel-social/internal/service/auth_service.go:50.2,50.20 1 0
github.com/prefeiturario/painel-social/internal/service/child_service.go:19.71,21.2 1 0
github.com/prefeiturario/painel-social/internal/service/child_service.go:23.93,24.21 1 0
github.com/prefeiturario/painel-social/internal/service/child_service.go:24.21,26.3 1 0
github.com/prefeiturario/painel-social/internal/service/child_service.go:27.2,27.50 1 0
github.com/prefeiturario/painel-social/internal/service/child_service.go:27.50,29.3 1 0
github.com/prefeiturario/painel-social/internal/service/child_service.go:30.2,30.28 1 0
github.com/prefeiturario/painel-social/internal/service/child_service.go:33.66,35.16 2 0
github.com/prefeiturario/painel-social/internal/service/child_service.go:35.16,37.3 1 0
github.com/prefeiturario/painel-social/internal/service/child_service.go:38.2,38.14 1 0
github.com/prefeiturario/painel-social/internal/service/child_service.go:38.14,40.3 1 0
github.com/prefeiturario/painel-social/internal/service/child_service.go:41.2,41.15 1 0
github.com/prefeiturario/painel-social/internal/service/child_service.go:44.64,46.77 2 0
github.com/prefeiturario/painel-social/internal/service/child_service.go:46.77,48.3 1 0
github.com/prefeiturario/painel-social/internal/service/child_service.go:49.2,49.12 1 0
github.com/prefeiturario/painel-social/internal/service/child_service.go:52.59,54.2 1 0
github.com/prefeiturario/painel-social/internal/config/config.go:16.21,18.16 2 0
github.com/prefeiturario/painel-social/internal/config/config.go:18.16,20.3 1 0
github.com/prefeiturario/painel-social/internal/config/config.go:21.2,22.28 2 0
github.com/prefeiturario/painel-social/internal/config/config.go:22.28,24.3 1 0
github.com/prefeiturario/painel-social/internal/config/config.go:26.2,32.3 1 0
github.com/prefeiturario/painel-social/internal/config/config.go:35.42,36.34 1 0
github.com/prefeiturario/painel-social/internal/config/config.go:36.34,38.3 1 0
github.com/prefeiturario/painel-social/internal/config/config.go:39.2,39.17 1 0
github.com/prefeiturario/painel-social/internal/domain/models.go:23.33,23.54 1 0
github.com/prefeiturario/painel-social/internal/domain/models.go:33.33,33.51 1 0
github.com/prefeiturario/painel-social/internal/domain/models.go:43.36,43.57 1 0
github.com/prefeiturario/painel-social/internal/domain/models.go:53.45,53.76 1 0
github.com/prefeiturario/painel-social/internal/domain/models.go:55.34,56.48 1 1
github.com/prefeiturario/painel-social/internal/domain/models.go:56.48,58.3 1 1
github.com/prefeiturario/painel-social/internal/domain/models.go:59.2,59.54 1 1
github.com/prefeiturario/painel-social/internal/domain/models.go:59.54,61.3 1 1
github.com/prefeiturario/painel-social/internal/domain/models.go:62.2,62.72 1 1
github.com/prefeiturario/painel-social/internal/domain/models.go:62.72,64.3 1 1
github.com/prefeiturario/painel-social/internal/domain/models.go:65.2,65.14 1 1
github.com/prefeiturario/painel-social/internal/handler/auth_handler.go:14.60,16.2 1 0
github.com/prefeiturario/painel-social/internal/handler/auth_handler.go:23.45,25.47 2 0
github.com/prefeiturario/painel-social/internal/handler/auth_handler.go:25.47,28.3 2 0
github.com/prefeiturario/painel-social/internal/handler/auth_handler.go:30.2,31.16 2 0
github.com/prefeiturario/painel-social/internal/handler/auth_handler.go:31.16,34.3 2 0
github.com/prefeiturario/painel-social/internal/handler/auth_handler.go:36.2,36.46 1 0
github.com/prefeiturario/painel-social/internal/handler/child_handler.go:16.63,18.2 1 0
github.com/prefeiturario/painel-social/internal/handler/child_handler.go:20.45,27.42 2 0
github.com/prefeiturario/painel-social/internal/handler/child_handler.go:27.42,30.3 2 0
github.com/prefeiturario/painel-social/internal/handler/child_handler.go:31.2,31.39 1 0
github.com/prefeiturario/painel-social/internal/handler/child_handler.go:31.39,34.3 2 0
github.com/prefeiturario/painel-social/internal/handler/child_handler.go:36.2,37.16 2 0
github.com/prefeiturario/painel-social/internal/handler/child_handler.go:37.16,40.3 2 0
github.com/prefeiturario/painel-social/internal/handler/child_handler.go:41.2,41.31 1 0
github.com/prefeiturario/painel-social/internal/handler/child_handler.go:44.48,46.32 2 0
github.com/prefeiturario/painel-social/internal/handler/child_handler.go:46.32,49.3 2 0
github.com/prefeiturario/painel-social/internal/handler/child_handler.go:50.2,50.16 1 0
github.com/prefeiturario/painel-social/internal/handler/child_handler.go:50.16,53.3 2 0
github.com/prefeiturario/painel-social/internal/handler/child_handler.go:54.2,54.30 1 0
github.com/prefeiturario/painel-social/internal/handler/child_handler.go:57.47,62.32 4 0
github.com/prefeiturario/painel-social/internal/handler/child_handler.go:62.32,65.3 2 0
github.com/prefeiturario/painel-social/internal/handler/child_handler.go:66.2,66.16 1 0
github.com/prefeiturario/painel-social/internal/handler/child_handler.go:66.16,69.3 2 0
github.com/prefeiturario/painel-social/internal/handler/child_handler.go:70.2,70.53 1 0
github.com/prefeiturario/painel-social/internal/handler/child_handler.go:73.56,75.25 2 0
github.com/prefeiturario/painel-social/internal/handler/child_handler.go:75.25,77.3 1 0
github.com/prefeiturario/painel-social/internal/handler/child_handler.go:78.2,78.10 1 0
github.com/prefeiturario/painel-social/internal/handler/summary_handler.go:9.48,11.16 2 0
github.com/prefeiturario/painel-social/internal/handler/summary_handler.go:11.16,14.3 2 0
github.com/prefeiturario/painel-social/internal/handler/summary_handler.go:15.2,15.26 1 0
github.com/prefeiturario/painel-social/internal/middleware/auth.go:11.57,12.30 1 0
github.com/prefeiturario/painel-social/internal/middleware/auth.go:12.30,14.44 2 0
github.com/prefeiturario/painel-social/internal/middleware/auth.go:14.44,17.4 2 0
github.com/prefeiturario/painel-social/internal/middleware/auth.go:18.3,19.17 2 0
github.com/prefeiturario/painel-social/internal/middleware/auth.go:19.17,22.4 2 0
github.com/prefeiturario/painel-social/internal/middleware/auth.go:23.3,24.11 2 0
github.com/prefeiturario/painel-social/internal/repository/child_repository.go:17.55,19.2 1 0
github.com/prefeiturario/painel-social/internal/repository/child_repository.go:21.96,24.25 2 0
github.com/prefeiturario/painel-social/internal/repository/child_repository.go:24.25,26.3 1 0
github.com/prefeiturario/painel-social/internal/repository/child_repository.go:27.2,27.28 1 0
github.com/prefeiturario/painel-social/internal/repository/child_repository.go:27.28,29.3 1 0
github.com/prefeiturario/painel-social/internal/repository/child_repository.go:30.2,30.30 1 0
github.com/prefeiturario/painel-social/internal/repository/child_repository.go:30.30,31.25 1 0
github.com/prefeiturario/painel-social/internal/repository/child_repository.go:31.25,37.4 1 0
github.com/prefeiturario/painel-social/internal/repository/child_repository.go:37.9,43.4 1 0
github.com/prefeiturario/painel-social/internal/repository/child_repository.go:46.2,47.46 2 0
github.com/prefeiturario/painel-social/internal/repository/child_repository.go:47.46,49.3 1 0
github.com/prefeiturario/painel-social/internal/repository/child_repository.go:51.2,60.16 3 0
github.com/prefeiturario/painel-social/internal/repository/child_repository.go:60.16,62.3 1 0
github.com/prefeiturario/painel-social/internal/repository/child_repository.go:64.2,71.8 2 0
github.com/prefeiturario/painel-social/internal/repository/child_repository.go:74.69,81.35 3 0
github.com/prefeiturario/painel-social/internal/repository/child_repository.go:81.35,83.3 1 0
github.com/prefeiturario/painel-social/internal/repository/child_repository.go:84.2,84.16 1 0
github.com/prefeiturario/painel-social/internal/repository/child_repository.go:84.16,86.3 1 0
github.com/prefeiturario/painel-social/internal/repository/child_repository.go:87.2,87.20 1 0
github.com/prefeiturario/painel-social/internal/repository/child_repository.go:90.67,98.25 2 0
github.com/prefeiturario/painel-social/internal/repository/child_repository.go:98.25,100.3 1 0
github.com/prefeiturario/painel-social/internal/repository/child_repository.go:101.2,101.30 1 0
github.com/prefeiturario/painel-social/internal/repository/child_repository.go:101.30,103.3 1 0
github.com/prefeiturario/painel-social/internal/repository/child_repository.go:104.2,104.12 1 0
github.com/prefeiturario/painel-social/internal/repository/child_repository.go:107.62,130.2 3 0
github.com/prefeiturario/painel-social/internal/service/auth_service.go:18.49,20.2 1 0
github.com/prefeiturario/painel-social/internal/service/auth_service.go:22.69,23.68 1 0
github.com/prefeiturario/painel-social/internal/service/auth_service.go:23.68,25.3 1 0
github.com/prefeiturario/painel-social/internal/service/auth_service.go:27.2,33.45 3 0
github.com/prefeiturario/painel-social/internal/service/auth_service.go:36.77,37.68 1 0
github.com/prefeiturario/painel-social/internal/service/auth_service.go:37.68,38.54 1 0
github.com/prefeiturario/painel-social/internal/service/auth_service.go:38.54,40.4 1 0
github.com/prefeiturario/painel-social/internal/service/auth_service.go:41.3,41.31 1 0
github.com/prefeiturario/painel-social/internal/service/auth_service.go:43.2,43.32 1 0
github.com/prefeiturario/painel-social/internal/service/auth_service.go:43.32,45.3 1 0
github.com/prefeiturario/painel-social/internal/service/auth_service.go:46.2,47.9 2 0
github.com/prefeiturario/painel-social/internal/service/auth_service.go:47.9,49.3 1 0
github.com/prefeiturario/painel-social/internal/service/auth_service.go:50.2,50.20 1 0
github.com/prefeiturario/painel-social/internal/service/child_service.go:19.71,21.2 1 0
github.com/prefeiturario/painel-social/internal/service/child_service.go:23.93,24.21 1 0
github.com/prefeiturario/painel-social/internal/service/child_service.go:24.21,26.3 1 0
github.com/prefeiturario/painel-social/internal/service/child_service.go:27.2,27.50 1 0
github.com/prefeiturario/painel-social/internal/service/child_service.go:27.50,29.3 1 0
github.com/prefeiturario/painel-social/internal/service/child_service.go:30.2,30.28 1 0
github.com/prefeiturario/painel-social/internal/service/child_service.go:33.66,35.16 2 0
github.com/prefeiturario/painel-social/internal/service/child_service.go:35.16,37.3 1 0
github.com/prefeiturario/painel-social/internal/service/child_service.go:38.2,38.14 1 0
github.com/prefeiturario/painel-social/internal/service/child_service.go:38.14,40.3 1 0
github.com/prefeiturario/painel-social/internal/service/child_service.go:41.2,41.15 1 0
github.com/prefeiturario/painel-social/internal/service/child_service.go:44.64,46.77 2 0
github.com/prefeiturario/painel-social/internal/service/child_service.go:46.77,48.3 1 0
github.com/prefeiturario/painel-social/internal/service/child_service.go:49.2,49.12 1 0
github.com/prefeiturario/painel-social/internal/service/child_service.go:52.59,54.2 1 0
github.com/prefeiturario/painel-social/internal/config/config.go:16.21,18.16 2 0
github.com/prefeiturario/painel-social/internal/config/config.go:18.16,20.3 1 0
github.com/prefeiturario/painel-social/internal/config/config.go:21.2,22.28 2 0
github.com/prefeiturario/painel-social/internal/config/config.go:22.28,24.3 1 0
github.com/prefeiturario/painel-social/internal/config/config.go:26.2,32.3 1 0
github.com/prefeiturario/painel-social/internal/config/config.go:35.42,36.34 1 0
github.com/prefeiturario/painel-social/internal/config/config.go:36.34,38.3 1 0
github.com/prefeiturario/painel-social/internal/config/config.go:39.2,39.17 1 0
github.com/prefeiturario/painel-social/internal/domain/models.go:23.33,23.54 1 0
github.com/prefeiturario/painel-social/internal/domain/models.go:33.33,33.51 1 0
github.com/prefeiturario/painel-social/internal/domain/models.go:43.36,43.57 1 0
github.com/prefeiturario/painel-social/internal/domain/models.go:53.45,53.76 1 0
github.com/prefeiturario/painel-social/internal/domain/models.go:55.34,56.48 1 0
github.com/prefeiturario/painel-social/internal/domain/models.go:56.48,58.3 1 0
github.com/prefeiturario/painel-social/internal/domain/models.go:59.2,59.54 1 0
github.com/prefeiturario/painel-social/internal/domain/models.go:59.54,61.3 1 0
github.com/prefeiturario/painel-social/internal/domain/models.go:62.2,62.72 1 0
github.com/prefeiturario/painel-social/internal/domain/models.go:62.72,64.3 1 0
github.com/prefeiturario/painel-social/internal/domain/models.go:65.2,65.14 1 0
github.com/prefeiturario/painel-social/internal/handler/auth_handler.go:14.60,16.2 1 0
github.com/prefeiturario/painel-social/internal/handler/auth_handler.go:23.45,25.47 2 0
github.com/prefeiturario/painel-social/internal/handler/auth_handler.go:25.47,28.3 2 0
github.com/prefeiturario/painel-social/internal/handler/auth_handler.go:30.2,31.16 2 0
github.com/prefeiturario/painel-social/internal/handler/auth_handler.go:31.16,34.3 2 0
github.com/prefeiturario/painel-social/internal/handler/auth_handler.go:36.2,36.46 1 0
github.com/prefeiturario/painel-social/internal/handler/child_handler.go:16.63,18.2 1 0
github.com/prefeiturario/painel-social/internal/handler/child_handler.go:20.45,27.42 2 0
github.com/prefeiturario/painel-social/internal/handler/child_handler.go:27.42,30.3 2 0
github.com/prefeiturario/painel-social/internal/handler/child_handler.go:31.2,31.39 1 0
github.com/prefeiturario/painel-social/internal/handler/child_handler.go:31.39,34.3 2 0
github.com/prefeiturario/painel-social/internal/handler/child_handler.go:36.2,37.16 2 0
github.com/prefeiturario/painel-social/internal/handler/child_handler.go:37.16,40.3 2 0
github.com/prefeiturario/painel-social/internal/handler/child_handler.go:41.2,41.31 1 0
github.com/prefeiturario/painel-social/internal/handler/child_handler.go:44.48,46.32 2 0
github.com/prefeiturario/painel-social/internal/handler/child_handler.go:46.32,49.3 2 0
github.com/prefeiturario/painel-social/internal/handler/child_handler.go:50.2,50.16 1 0
github.com/prefeiturario/painel-social/internal/handler/child_handler.go:50.16,53.3 2 0
github.com/prefeiturario/painel-social/internal/handler/child_handler.go:54.2,54.30 1 0
github.com/prefeiturario/painel-social/internal/handler/child_handler.go:57.47,62.32 4 0
github.com/prefeiturario/painel-social/internal/handler/child_handler.go:62.32,65.3 2 0
github.com/prefeiturario/painel-social/internal/handler/child_handler.go:66.2,66.16 1 0
github.com/prefeiturario/painel-social/internal/handler/child_handler.go:66.16,69.3 2 0
github.com/prefeiturario/painel-social/internal/handler/child_handler.go:70.2,70.53 1 0
github.com/prefeiturario/painel-social/internal/handler/child_handler.go:73.56,75.25 2 0
github.com/prefeiturario/painel-social/internal/handler/child_handler.go:75.25,77.3 1 0
github.com/prefeiturario/painel-social/internal/handler/child_handler.go:78.2,78.10 1 0
github.com/prefeiturario/painel-social/internal/handler/summary_handler.go:9.48,11.16 2 0
github.com/prefeiturario/painel-social/internal/handler/summary_handler.go:11.16,14.3 2 0
[...]
github.com/prefeiturario/painel-social/internal/service/child_service.go:27.50,29.3 1 0
github.com/prefeiturario/painel-social/internal/service/child_service.go:30.2,30.28 1 0
github.com/prefeiturario/painel-social/internal/service/child_service.go:33.66,35.16 2 0
github.com/prefeiturario/painel-social/internal/service/child_service.go:35.16,37.3 1 0
github.com/prefeiturario/painel-social/internal/service/child_service.go:38.2,38.14 1 0
github.com/prefeiturario/painel-social/internal/service/child_service.go:38.14,40.3 1 0
github.com/prefeiturario/painel-social/internal/service/child_service.go:41.2,41.15 1 0
github.com/prefeiturario/painel-social/internal/service/child_service.go:44.64,46.77 2 0
github.com/prefeiturario/painel-social/internal/service/child_service.go:46.77,48.3 1 0
github.com/prefeiturario/painel-social/internal/service/child_service.go:49.2,49.12 1 0
github.com/prefeiturario/painel-social/internal/service/child_service.go:52.59,54.2 1 0
github.com/prefeiturario/painel-social/internal/config/config.go:16.21,18.16 2 0
github.com/prefeiturario/painel-social/internal/config/config.go:18.16,20.3 1 0
github.com/prefeiturario/painel-social/internal/config/config.go:21.2,22.28 2 0
github.com/prefeiturario/painel-social/internal/config/config.go:22.28,24.3 1 0
github.com/prefeiturario/painel-social/internal/config/config.go:26.2,32.3 1 0
github.com/prefeiturario/painel-social/internal/config/config.go:35.42,36.34 1 0
github.com/prefeiturario/painel-social/internal/config/config.go:36.34,38.3 1 0
github.com/prefeiturario/painel-social/internal/config/config.go:39.2,39.17 1 0
github.com/prefeiturario/painel-social/internal/domain/models.go:23.33,23.54 1 1
github.com/prefeiturario/painel-social/internal/domain/models.go:33.33,33.51 1 1
github.com/prefeiturario/painel-social/internal/domain/models.go:43.36,43.57 1 1
github.com/prefeiturario/painel-social/internal/domain/models.go:53.45,53.76 1 1
github.com/prefeiturario/painel-social/internal/domain/models.go:55.34,56.48 1 1
github.com/prefeiturario/painel-social/internal/domain/models.go:56.48,58.3 1 1
github.com/prefeiturario/painel-social/internal/domain/models.go:59.2,59.54 1 1
github.com/prefeiturario/painel-social/internal/domain/models.go:59.54,61.3 1 1
github.com/prefeiturario/painel-social/internal/domain/models.go:62.2,62.72 1 1
github.com/prefeiturario/painel-social/internal/domain/models.go:62.72,64.3 1 1
github.com/prefeiturario/painel-social/internal/domain/models.go:65.2,65.14 1 1
github.com/prefeiturario/painel-social/internal/handler/auth_handler.go:14.60,16.2 1 0
github.com/prefeiturario/painel-social/internal/handler/auth_handler.go:23.45,25.47 2 0
github.com/prefeiturario/painel-social/internal/handler/auth_handler.go:25.47,28.3 2 0
github.com/prefeiturario/painel-social/internal/handler/auth_handler.go:30.2,31.16 2 0
github.com/prefeiturario/painel-social/internal/handler/auth_handler.go:31.16,34.3 2 0
github.com/prefeiturario/painel-social/internal/handler/auth_handler.go:36.2,36.46 1 0
github.com/prefeiturario/painel-social/internal/handler/child_handler.go:16.63,18.2 1 0
github.com/prefeiturario/painel-social/internal/handler/child_handler.go:20.45,27.42 2 0
github.com/prefeiturario/painel-social/internal/handler/child_handler.go:27.42,30.3 2 0
github.com/prefeiturario/painel-social/internal/handler/child_handler.go:31.2,31.39 1 0
github.com/prefeiturario/painel-social/internal/handler/child_handler.go:31.39,34.3 2 0
github.com/prefeiturario/painel-social/internal/handler/child_handler.go:36.2,37.16 2 0
github.com/prefeiturario/painel-social/internal/handler/child_handler.go:37.16,40.3 2 0
github.com/prefeiturario/painel-social/internal/handler/child_handler.go:41.2,41.31 1 0
github.com/prefeiturario/painel-social/internal/handler/child_handler.go:44.48,46.32 2 0
github.com/prefeiturario/painel-social/internal/handler/child_handler.go:46.32,49.3 2 0
github.com/prefeiturario/painel-social/internal/handler/child_handler.go:50.2,50.16 1 0
github.com/prefeiturario/painel-social/internal/handler/child_handler.go:50.16,53.3 2 0
github.com/prefeiturario/painel-social/internal/handler/child_handler.go:54.2,54.30 1 0
github.com/prefeiturario/painel-social/internal/handler/child_handler.go:57.47,62.32 4 0
github.com/prefeiturario/painel-social/internal/handler/child_handler.go:62.32,65.3 2 0
github.com/prefeiturario/painel-social/internal/handler/child_handler.go:66.2,66.16 1 0
github.com/prefeiturario/painel-social/internal/handler/child_handler.go:66.16,69.3 2 0
github.com/prefeiturario/painel-social/internal/handler/child_handler.go:70.2,70.53 1 0
github.com/prefeiturario/painel-social/internal/handler/child_handler.go:73.56,75.25 2 0
github.com/prefeiturario/painel-social/internal/handler/child_handler.go:75.25,77.3 1 0
github.com/prefeiturario/painel-social/internal/handler/child_handler.go:78.2,78.10 1 0
github.com/prefeiturario/painel-social/internal/handler/summary_handler.go:9.48,11.16 2 0
github.com/prefeiturario/painel-social/internal/handler/summary_handler.go:11.16,14.3 2 0
github.com/prefeiturario/painel-social/internal/handler/summary_handler.go:15.2,15.26 1 0
github.com/prefeiturario/painel-social/internal/middleware/auth.go:11.57,12.30 1 0
github.com/prefeiturario/painel-social/internal/middleware/auth.go:12.30,14.44 2 0
github.com/prefeiturario/painel-social/internal/middleware/auth.go:14.44,17.4 2 0
github.com/prefeiturario/painel-social/internal/middleware/auth.go:18.3,19.17 2 0
github.com/prefeiturario/painel-social/internal/middleware/auth.go:19.17,22.4 2 0
github.com/prefeiturario/painel-social/internal/middleware/auth.go:23.3,24.11 2 0
github.com/prefeiturario/painel-social/internal/repository/child_repository.go:17.55,19.2 1 1
github.com/prefeiturario/painel-social/internal/repository/child_repository.go:21.96,24.25 2 1
github.com/prefeiturario/painel-social/internal/repository/child_repository.go:24.25,26.3 1 1
github.com/prefeiturario/painel-social/internal/repository/child_repository.go:27.2,27.28 1 1
github.com/prefeiturario/painel-social/internal/repository/child_repository.go:27.28,29.3 1 1
github.com/prefeiturario/painel-social/internal/repository/child_repository.go:30.2,30.30 1 1
github.com/prefeiturario/painel-social/internal/repository/child_repository.go:30.30,31.25 1 1
github.com/prefeiturario/painel-social/internal/repository/child_repository.go:31.25,37.4 1 1
github.com/prefeiturario/painel-social/internal/repository/child_repository.go:37.9,43.4 1 1
github.com/prefeiturario/painel-social/internal/repository/child_repository.go:46.2,47.46 2 1
github.com/prefeiturario/painel-social/internal/repository/child_repository.go:47.46,49.3 1 0
github.com/prefeiturario/painel-social/internal/repository/child_repository.go:51.2,60.16 3 1
github.com/prefeiturario/painel-social/internal/repository/child_repository.go:60.16,62.3 1 0
github.com/prefeiturario/painel-social/internal/repository/child_repository.go:64.2,71.8 2 1
github.com/prefeiturario/painel-social/internal/repository/child_repository.go:74.69,81.35 3 1
github.com/prefeiturario/painel-social/internal/repository/child_repository.go:81.35,83.3 1 1
github.com/prefeiturario/painel-social/internal/repository/child_repository.go:84.2,84.16 1 1
github.com/prefeiturario/painel-social/internal/repository/child_repository.go:84.16,86.3 1 0
github.com/prefeiturario/painel-social/internal/repository/child_repository.go:87.2,87.20 1 1
github.com/prefeiturario/painel-social/internal/repository/child_repository.go:90.67,98.25 2 1
github.com/prefeiturario/painel-social/internal/repository/child_repository.go:98.25,100.3 1 0
github.com/prefeiturario/painel-social/internal/repository/child_repository.go:101.2,101.30 1 1
github.com/prefeiturario/painel-social/internal/repository/child_repository.go:101.30,103.3 1 1
github.com/prefeiturario/painel-social/internal/repository/child_repository.go:104.2,104.12 1 1
github.com/prefeiturario/painel-social/internal/repository/child_repository.go:107.62,130.2 3 1
github.com/prefeiturario/painel-social/internal/service/auth_service.go:18.49,20.2 1 0
github.com/prefeiturario/painel-social/internal/service/auth_service.go:22.69,23.68 1 0
github.com/prefeiturario/painel-social/internal/service/auth_service.go:23.68,25.3 1 0
github.com/prefeiturario/painel-social/internal/service/auth_service.go:27.2,33.45 3 0
github.com/prefeiturario/painel-social/internal/service/auth_service.go:36.77,37.68 1 0
github.com/prefeiturario/painel-social/internal/service/auth_service.go:37.68,38.54 1 0
github.com/prefeiturario/painel-social/internal/service/auth_service.go:38.54,40.4 1 0
github.com/prefeiturario/painel-social/internal/service/auth_service.go:41.3,41.31 1 0
github.com/prefeiturario/painel-social/internal/service/auth_service.go:43.2,43.32 1 0
github.com/prefeiturario/painel-social/internal/service/auth_service.go:43.32,45.3 1 0
github.com/prefeiturario/painel-social/internal/service/auth_service.go:46.2,47.9 2 0
github.com/prefeiturario/painel-social/internal/service/auth_service.go:47.9,49.3 1 0
github.com/prefeiturario/painel-social/internal/service/auth_service.go:50.2,50.20 1 0
github.com/prefeiturario/painel-social/internal/service/child_service.go:19.71,21.2 1 0
github.com/prefeiturario/painel-social/internal/service/child_service.go:23.93,24.21 1 0
github.com/prefeiturario/painel-social/internal/service/child_service.go:24.21,26.3 1 0
github.com/prefeiturario/painel-social/internal/service/child_service.go:27.2,27.50 1 0
github.com/prefeiturario/painel-social/internal/service/child_service.go:27.50,29.3 1 0
github.com/prefeiturario/painel-social/internal/service/child_service.go:30.2,30.28 1 0
github.com/prefeiturario/painel-social/internal/service/child_service.go:33.66,35.16 2 0
github.com/prefeiturario/painel-social/internal/service/child_service.go:35.16,37.3 1 0
github.com/prefeiturario/painel-social/internal/service/child_service.go:38.2,38.14 1 0
github.com/prefeiturario/painel-social/internal/service/child_service.go:38.14,40.3 1 0
github.com/prefeiturario/painel-social/internal/service/child_service.go:41.2,41.15 1 0
github.com/prefeiturario/painel-social/internal/service/child_service.go:44.64,46.77 2 0
github.com/prefeiturario/painel-social/internal/service/child_service.go:46.77,48.3 1 0
github.com/prefeiturario/painel-social/internal/service/child_service.go:49.2,49.12 1 0
github.com/prefeiturario/painel-social/internal/service/child_service.go:52.59,54.2 1 0
github.com/prefeiturario/painel-social/internal/config/config.go:16.21,18.16 2 0
github.com/prefeiturario/painel-social/internal/config/config.go:18.16,20.3 1 0
github.com/prefeiturario/painel-social/internal/config/config.go:21.2,22.28 2 0
github.com/prefeiturario/painel-social/internal/config/config.go:22.28,24.3 1 0
github.com/prefeiturario/painel-social/internal/config/config.go:26.2,32.3 1 0
github.com/prefeiturario/painel-social/internal/config/config.go:35.42,36.34 1 0
github.com/prefeiturario/painel-social/internal/config/config.go:36.34,38.3 1 0
github.com/prefeiturario/painel-social/internal/config/config.go:39.2,39.17 1 0
github.com/prefeiturario/painel-social/internal/domain/models.go:23.33,23.54 1 1
github.com/prefeiturario/painel-social/internal/domain/models.go:33.33,33.51 1 1
github.com/prefeiturario/painel-social/internal/domain/models.go:43.36,43.57 1 1
github.com/prefeiturario/painel-social/internal/domain/models.go:53.45,53.76 1 1
github.com/prefeiturario/painel-social/internal/domain/models.go:55.34,56.48 1 0
github.com/prefeiturario/painel-social/internal/domain/models.go:56.48,58.3 1 0
github.com/prefeiturario/painel-social/internal/domain/models.go:59.2,59.54 1 0
github.com/prefeiturario/painel-social/internal/domain/models.go:59.54,61.3 1 0
github.com/prefeiturario/painel-social/internal/domain/models.go:62.2,62.72 1 0
github.com/prefeiturario/painel-social/internal/domain/models.go:62.72,64.3 1 0
github.com/prefeiturario/painel-social/internal/domain/models.go:65.2,65.14 1 0
github.com/prefeiturario/painel-social/internal/handler/auth_handler.go:14.60,16.2 1 1
github.com/prefeiturario/painel-social/internal/handler/auth_handler.go:23.45,25.47 2 1
github.com/prefeiturario/painel-social/internal/handler/auth_handler.go:25.47,28.3 2 1
github.com/prefeiturario/painel-social/internal/handler/auth_handler.go:30.2,31.16 2 1
github.com/prefeiturario/painel-social/internal/handler/auth_handler.go:31.16,34.3 2 1
github.com/prefeiturario/painel-social/internal/handler/auth_handler.go:36.2,36.46 1 1
github.com/prefeiturario/painel-social/internal/handler/child_handler.go:16.63,18.2 1 1
github.com/prefeiturario/painel-social/internal/handler/child_handler.go:20.45,27.42 2 1
github.com/prefeiturario/painel-social/internal/handler/child_handler.go:27.42,30.3 2 1
github.com/prefeiturario/painel-social/internal/handler/child_handler.go:31.2,31.39 1 1
github.com/prefeiturario/painel-social/internal/handler/child_handler.go:31.39,34.3 2 1
github.com/prefeiturario/painel-social/internal/handler/child_handler.go:36.2,37.16 2 1
github.com/prefeiturario/painel-social/internal/handler/child_handler.go:37.16,40.3 2 1
github.com/prefeiturario/painel-social/internal/handler/child_handler.go:41.2,41.31 1 1
github.com/prefeiturario/painel-social/internal/handler/child_handler.go:44.48,46.32 2 1
github.com/prefeiturario/painel-social/internal/handler/child_handler.go:46.32,49.3 2 1
github.com/prefeiturario/painel-social/internal/handler/child_handler.go:50.2,50.16 1 1
github.com/prefeiturario/painel-social/internal/handler/child_handler.go:50.16,53.3 2 1
github.com/prefeiturario/painel-social/internal/handler/child_handler.go:54.2,54.30 1 1
github.com/prefeiturario/painel-social/internal/handler/child_handler.go:57.47,62.32 4 1
github.com/prefeiturario/painel-social/internal/handler/child_handler.go:62.32,65.3 2 1
github.com/prefeiturario/painel-social/internal/handler/child_handler.go:66.2,66.16 1 1
github.com/prefeiturario/painel-social/internal/handler/child_handler.go:66.16,69.3 2 1
github.com/prefeiturario/painel-social/internal/handler/child_handler.go:70.2,70.53 1 1
github.com/prefeiturario/painel-social/internal/handler/child_handler.go:73.56,75.25 2 1
github.com/prefeiturario/painel-social/internal/handler/child_handler.go:75.25,77.3 1 1
github.com/prefeiturario/painel-social/internal/handler/child_handler.go:78.2,78.10 1 0
github.com/prefeiturario/painel-social/internal/handler/summary_handler.go:9.48,11.16 2 1
github.com/prefeiturario/painel-social/internal/handler/summary_handler.go:11.16,14.3 2 1
github.com/prefeiturario/painel-social/internal/handler/summary_handler.go:15.2,15.26 1 1
github.com/prefeiturario/painel-social/internal/middleware/auth.go:11.57,12.30 1 1
github.com/prefeiturario/painel-social/internal/middleware/auth.go:12.30,14.44 2 1
github.com/prefeiturario/painel-social/internal/middleware/auth.go:14.44,17.4 2 1
github.com/prefeiturario/painel-social/internal/middleware/auth.go:18.3,19.17 2 1
github.com/prefeiturario/painel-social/internal/middleware/auth.go:19.17,22.4 2 1
github.com/prefeiturario/painel-social/internal/middleware/auth.go:23.3,24.11 2 1
github.com/prefeiturario/painel-social/internal/repository/child_repository.go:17.55,19.2 1 1
github.com/prefeiturario/painel-social/internal/repository/child_repository.go:21.96,24.25 2 1
github.com/prefeiturario/painel-social/internal/repository/child_repository.go:24.25,26.3 1 0
github.com/prefeiturario/painel-social/internal/repository/child_repository.go:27.2,27.28 1 1
github.com/prefeiturario/painel-social/internal/repository/child_repository.go:27.28,29.3 1 0
github.com/prefeiturario/painel-social/internal/repository/child_repository.go:30.2,30.30 1 1
github.com/prefeiturario/painel-social/internal/repository/child_repository.go:30.30,31.25 1 0
github.com/prefeiturario/painel-social/internal/repository/child_repository.go:31.25,37.4 1 0
github.com/prefeiturario/painel-social/internal/repository/child_repository.go:37.9,43.4 1 0
github.com/prefeiturario/painel-social/internal/repository/child_repository.go:46.2,47.46 2 1
github.com/prefeiturario/painel-social/internal/repository/child_repository.go:47.46,49.3 1 0
github.com/prefeiturario/painel-social/internal/repository/child_repository.go:51.2,60.16 3 1
github.com/prefeiturario/painel-social/internal/repository/child_repository.go:60.16,62.3 1 0
github.com/prefeiturario/painel-social/internal/repository/child_repository.go:64.2,71.8 2 1
github.com/prefeiturario/painel-social/internal/repository/child_repository.go:74.69,81.35 3 1
github.com/prefeiturario/painel-social/internal/repository/child_repository.go:81.35,83.3 1 0
github.com/prefeiturario/painel-social/internal/repository/child_repository.go:84.2,84.16 1 1
github.com/prefeiturario/painel-social/internal/repository/child_repository.go:84.16,86.3 1 0
github.com/prefeiturario/painel-social/internal/repository/child_repository.go:87.2,87.20 1 1
github.com/prefeiturario/painel-social/internal/repository/child_repository.go:90.67,98.25 2 1
github.com/prefeiturario/painel-social/internal/repository/child_repository.go:98.25,100.3 1 0
github.com/prefeiturario/painel-social/internal/repository/child_repository.go:101.2,101.30 1 1
github.com/prefeiturario/painel-social/internal/repository/child_repository.go:101.30,103.3 1 0
github.com/prefeiturario/painel-social/internal/repository/child_repository.go:104.2,104.12 1 1
github.com/prefeiturario/painel-social/internal/repository/child_repository.go:107.62,130.2 3 1
github.com/prefeiturario/painel-social/internal/service/auth_service.go:18.49,20.2 1 1
github.com/prefeiturario/painel-social/internal/service/auth_service.go:22.69,23.68 1 1
github.com/prefeiturario/painel-social/internal/service/auth_service.go:23.68,25.3 1 0
github.com/prefeiturario/painel-social/internal/service/auth_service.go:27.2,33.45 3 1
github.com/prefeiturario/painel-social/internal/service/auth_service.go:36.77,37.68 1 1
github.com/prefeiturario/painel-social/internal/service/auth_service.go:37.68,38.54 1 1
github.com/prefeiturario/painel-social/internal/service/auth_service.go:38.54,40.4 1 0
github.com/prefeiturario/painel-social/internal/service/auth_service.go:41.3,41.31 1 1
github.com/prefeiturario/painel-social/internal/service/auth_service.go:43.2,43.32 1 1
github.com/prefeiturario/painel-social/internal/service/auth_service.go:43.32,45.3 1 1
github.com/prefeiturario/painel-social/internal/service/auth_service.go:46.2,47.9 2 1
github.com/prefeiturario/painel-social/internal/service/auth_service.go:47.9,49.3 1 0
github.com/prefeiturario/painel-social/internal/service/auth_service.go:50.2,50.20 1 1
github.com/prefeiturario/painel-social/internal/service/child_service.go:19.71,21.2 1 1
github.com/prefeiturario/painel-social/internal/service/child_service.go:23.93,24.21 1 1
github.com/prefeiturario/painel-social/internal/service/child_service.go:24.21,26.3 1 0
github.com/prefeiturario/painel-social/internal/service/child_service.go:27.2,27.50 1 1
github.com/prefeiturario/painel-social/internal/service/child_service.go:27.50,29.3 1 0
github.com/prefeiturario/painel-social/internal/service/child_service.go:30.2,30.28 1 1
github.com/prefeiturario/painel-social/internal/service/child_service.go:33.66,35.16 2 1
github.com/prefeiturario/painel-social/internal/service/child_service.go:35.16,37.3 1 0
github.com/prefeiturario/painel-social/internal/service/child_service.go:38.2,38.14 1 1
github.com/prefeiturario/painel-social/internal/service/child_service.go:38.14,40.3 1 0
github.com/prefeiturario/painel-social/internal/service/child_service.go:41.2,41.15 1 1
github.com/prefeiturario/painel-social/internal/service/child_service.go:44.64,46.77 2 1
github.com/prefeiturario/painel-social/internal/service/child_service.go:46.77,48.3 1 0
github.com/prefeiturario/painel-social/internal/service/child_service.go:49.2,49.12 1 1
github.com/prefeiturario/painel-social/internal/service/child_service.go:52.59,54.2 1 1
